<?xml version="1.0" encoding="UTF-8"?>
<TestRun id="4a9036be-cfc7-490f-a667-9a3d8d435f8a" name="Yasi@ROBERTO 2015-04-29 23:02:08" runUser="Roberto\Yasi" xmlns="http://microsoft.com/schemas/VisualStudio/TeamTest/2010">
  <TestSettings name="Local" id="02a0cb3c-6283-4650-85cb-2bd4791474de">
    <Description>These are default test settings for a local test run.</Description>
    <Deployment enabled="false" runDeploymentRoot="Yasi_ROBERTO 2015-04-29 23_02_08">
      <DeploymentItem filename="C:\Users\Yasi\Desktop\Kata\Kata\bin\Debug\Kata.exe" />
    </Deployment>
    <Execution>
      <TestTypeSpecific />
      <AgentRule name="Execution Agents">
      </AgentRule>
    </Execution>
  </TestSettings>
  <Times creation="2015-04-29T23:02:08.0577258-04:00" queuing="2015-04-29T23:02:08.5267526-04:00" start="2015-04-29T23:02:08.6777612-04:00" finish="2015-04-29T23:02:09.1657892-04:00" />
  <ResultSummary outcome="Completed">
    <Counters total="16" executed="16" passed="16" error="0" failed="0" timeout="0" aborted="0" inconclusive="0" passedButRunAborted="0" notRunnable="0" notExecuted="0" disconnected="0" warning="0" completed="0" inProgress="0" pending="0" />
  </ResultSummary>
  <TestDefinitions>
    <UnitTest name="WhenPassedIXReturns9" storage="c:\users\yasi\desktop\kata\test\bin\debug\test.dll" id="05609b60-72dd-d96b-e66f-f2d0dfafe5be">
      <Execution id="af259c27-dbb2-42c8-b315-2105473f1c8d" />
      <TestMethod codeBase="C:/Users/Yasi/Desktop/Kata/Test/bin/Debug/Test.DLL" adapterTypeName="Microsoft.VisualStudio.TestTools.TestTypes.Unit.UnitTestAdapter, Microsoft.VisualStudio.QualityTools.Tips.UnitTest.Adapter, Version=10.0.0.0, Culture=neutral, PublicKeyToken=b03f5f7f11d50a3a" className="Test.RomanArabicNumeralConverterTests, Test, Version=1.0.0.0, Culture=neutral, PublicKeyToken=null" name="WhenPassedIXReturns9" />
    </UnitTest>
    <UnitTest name="WhenPassed9ReturnsIX" storage="c:\users\yasi\desktop\kata\test\bin\debug\test.dll" id="8640c846-6856-32ac-8488-39befd2989e3">
      <Execution id="fb24ff72-362e-4a21-978f-3c5bf086f1e9" />
      <TestMethod codeBase="C:/Users/Yasi/Desktop/Kata/Test/bin/Debug/Test.DLL" adapterTypeName="Microsoft.VisualStudio.TestTools.TestTypes.Unit.UnitTestAdapter, Microsoft.VisualStudio.QualityTools.Tips.UnitTest.Adapter, Version=10.0.0.0, Culture=neutral, PublicKeyToken=b03f5f7f11d50a3a" className="Test.RomanArabicNumeralConverterTests, Test, Version=1.0.0.0, Culture=neutral, PublicKeyToken=null" name="WhenPassed9ReturnsIX" />
    </UnitTest>
    <UnitTest name="WhenPassedZeroThrowsExpection" storage="c:\users\yasi\desktop\kata\test\bin\debug\test.dll" id="0947d309-4b18-4842-ceee-a16c92cd687f">
      <Execution id="320bf3c5-7da9-46a3-9e38-08cd4f206f3f" />
      <TestMethod codeBase="C:/Users/Yasi/Desktop/Kata/Test/bin/Debug/Test.DLL" adapterTypeName="Microsoft.VisualStudio.TestTools.TestTypes.Unit.UnitTestAdapter, Microsoft.VisualStudio.QualityTools.Tips.UnitTest.Adapter, Version=10.0.0.0, Culture=neutral, PublicKeyToken=b03f5f7f11d50a3a" className="Test.RomanArabicNumeralConverterTests, Test, Version=1.0.0.0, Culture=neutral, PublicKeyToken=null" name="WhenPassedZeroThrowsExpection" />
    </UnitTest>
    <UnitTest name="WhenPassedIReturns1" storage="c:\users\yasi\desktop\kata\test\bin\debug\test.dll" id="02e15bbb-90c5-dd89-5a33-f944f7bc7758">
      <Execution id="ce400f68-1cf2-412c-a059-b403cecf57be" />
      <TestMethod codeBase="C:/Users/Yasi/Desktop/Kata/Test/bin/Debug/Test.DLL" adapterTypeName="Microsoft.VisualStudio.TestTools.TestTypes.Unit.UnitTestAdapter, Microsoft.VisualStudio.QualityTools.Tips.UnitTest.Adapter, Version=10.0.0.0, Culture=neutral, PublicKeyToken=b03f5f7f11d50a3a" className="Test.RomanArabicNumeralConverterTests, Test, Version=1.0.0.0, Culture=neutral, PublicKeyToken=null" name="WhenPassedIReturns1" />
    </UnitTest>
    <UnitTest name="WhenPassedRomanNumeralWithTooManyRepeatingValuesThrowsExection" storage="c:\users\yasi\desktop\kata\test\bin\debug\test.dll" id="1f9c30dd-604b-511a-744b-fc676edddff3">
      <Execution id="e43e7b66-f05a-4a7f-9742-2c2a7a0ef8f3" />
      <TestMethod codeBase="C:/Users/Yasi/Desktop/Kata/Test/bin/Debug/Test.DLL" adapterTypeName="Microsoft.VisualStudio.TestTools.TestTypes.Unit.UnitTestAdapter, Microsoft.VisualStudio.QualityTools.Tips.UnitTest.Adapter, Version=10.0.0.0, Culture=neutral, PublicKeyToken=b03f5f7f11d50a3a" className="Test.RomanArabicNumeralConverterTests, Test, Version=1.0.0.0, Culture=neutral, PublicKeyToken=null" name="WhenPassedRomanNumeralWithTooManyRepeatingValuesThrowsExection" />
    </UnitTest>
    <UnitTest name="WhenPassedInvalidCharactersThrowsExpection" storage="c:\users\yasi\desktop\kata\test\bin\debug\test.dll" id="40da96bf-8511-090f-4358-5e6a2fb850af">
      <Execution id="de1aed1b-84d8-44f1-822a-c96adf855e1f" />
      <TestMethod codeBase="C:/Users/Yasi/Desktop/Kata/Test/bin/Debug/Test.DLL" adapterTypeName="Microsoft.VisualStudio.TestTools.TestTypes.Unit.UnitTestAdapter, Microsoft.VisualStudio.QualityTools.Tips.UnitTest.Adapter, Version=10.0.0.0, Culture=neutral, PublicKeyToken=b03f5f7f11d50a3a" className="Test.RomanArabicNumeralConverterTests, Test, Version=1.0.0.0, Culture=neutral, PublicKeyToken=null" name="WhenPassedInvalidCharactersThrowsExpection" />
    </UnitTest>
    <UnitTest name="WhenPassed3ReturnsIII" storage="c:\users\yasi\desktop\kata\test\bin\debug\test.dll" id="d831c014-5bc2-e7f6-f403-fddfe91eec11">
      <Execution id="c54c8238-a879-4f93-b860-f124635ca44e" />
      <TestMethod codeBase="C:/Users/Yasi/Desktop/Kata/Test/bin/Debug/Test.DLL" adapterTypeName="Microsoft.VisualStudio.TestTools.TestTypes.Unit.UnitTestAdapter, Microsoft.VisualStudio.QualityTools.Tips.UnitTest.Adapter, Version=10.0.0.0, Culture=neutral, PublicKeyToken=b03f5f7f11d50a3a" className="Test.RomanArabicNumeralConverterTests, Test, Version=1.0.0.0, Culture=neutral, PublicKeyToken=null" name="WhenPassed3ReturnsIII" />
    </UnitTest>
    <UnitTest name="WhenPassedRomanNumeralWronglyOrderedLettersThrowsExpection" storage="c:\users\yasi\desktop\kata\test\bin\debug\test.dll" id="071f8ee4-dc4b-d829-9b11-e35f88745432">
      <Execution id="a23d2aec-c230-43b0-a0f5-db3c02839d2e" />
      <TestMethod codeBase="C:/Users/Yasi/Desktop/Kata/Test/bin/Debug/Test.DLL" adapterTypeName="Microsoft.VisualStudio.TestTools.TestTypes.Unit.UnitTestAdapter, Microsoft.VisualStudio.QualityTools.Tips.UnitTest.Adapter, Version=10.0.0.0, Culture=neutral, PublicKeyToken=b03f5f7f11d50a3a" className="Test.RomanArabicNumeralConverterTests, Test, Version=1.0.0.0, Culture=neutral, PublicKeyToken=null" name="WhenPassedRomanNumeralWronglyOrderedLettersThrowsExpection" />
    </UnitTest>
    <UnitTest name="WhenPassed1ReturnsI" storage="c:\users\yasi\desktop\kata\test\bin\debug\test.dll" id="02d580d6-15be-9c3c-fccc-917eb22e85a1">
      <Execution id="e175238c-8044-46b6-af54-e4335e907dbf" />
      <TestMethod codeBase="C:/Users/Yasi/Desktop/Kata/Test/bin/Debug/Test.DLL" adapterTypeName="Microsoft.VisualStudio.TestTools.TestTypes.Unit.UnitTestAdapter, Microsoft.VisualStudio.QualityTools.Tips.UnitTest.Adapter, Version=10.0.0.0, Culture=neutral, PublicKeyToken=b03f5f7f11d50a3a" className="Test.RomanArabicNumeralConverterTests, Test, Version=1.0.0.0, Culture=neutral, PublicKeyToken=null" name="WhenPassed1ReturnsI" />
    </UnitTest>
    <UnitTest name="WhenPassedMCMLXXXIXReturns1989" storage="c:\users\yasi\desktop\kata\test\bin\debug\test.dll" id="f7646a7c-d2cb-0811-9dec-91463d27cae4">
      <Execution id="ad20db60-3f4a-4052-b352-be828bee651b" />
      <TestMethod codeBase="C:/Users/Yasi/Desktop/Kata/Test/bin/Debug/Test.DLL" adapterTypeName="Microsoft.VisualStudio.TestTools.TestTypes.Unit.UnitTestAdapter, Microsoft.VisualStudio.QualityTools.Tips.UnitTest.Adapter, Version=10.0.0.0, Culture=neutral, PublicKeyToken=b03f5f7f11d50a3a" className="Test.RomanArabicNumeralConverterTests, Test, Version=1.0.0.0, Culture=neutral, PublicKeyToken=null" name="WhenPassedMCMLXXXIXReturns1989" />
    </UnitTest>
    <UnitTest name="WhenPassedRomanNumeralWithRepetingFivesThrowsExpection" storage="c:\users\yasi\desktop\kata\test\bin\debug\test.dll" id="3b5c73aa-2321-9876-c72d-8d128b3afa8a">
      <Execution id="4234cb0b-75ac-4c9a-a4b9-daab42999211" />
      <TestMethod codeBase="C:/Users/Yasi/Desktop/Kata/Test/bin/Debug/Test.DLL" adapterTypeName="Microsoft.VisualStudio.TestTools.TestTypes.Unit.UnitTestAdapter, Microsoft.VisualStudio.QualityTools.Tips.UnitTest.Adapter, Version=10.0.0.0, Culture=neutral, PublicKeyToken=b03f5f7f11d50a3a" className="Test.RomanArabicNumeralConverterTests, Test, Version=1.0.0.0, Culture=neutral, PublicKeyToken=null" name="WhenPassedRomanNumeralWithRepetingFivesThrowsExpection" />
    </UnitTest>
    <UnitTest name="WhenPassedMLXVIReturns1066" storage="c:\users\yasi\desktop\kata\test\bin\debug\test.dll" id="1252244a-3fe2-65c7-7ad2-9f13c19cb34f">
      <Execution id="fbea94af-28e9-4491-9c65-486e933245f8" />
      <TestMethod codeBase="C:/Users/Yasi/Desktop/Kata/Test/bin/Debug/Test.DLL" adapterTypeName="Microsoft.VisualStudio.TestTools.TestTypes.Unit.UnitTestAdapter, Microsoft.VisualStudio.QualityTools.Tips.UnitTest.Adapter, Version=10.0.0.0, Culture=neutral, PublicKeyToken=b03f5f7f11d50a3a" className="Test.RomanArabicNumeralConverterTests, Test, Version=1.0.0.0, Culture=neutral, PublicKeyToken=null" name="WhenPassedMLXVIReturns1066" />
    </UnitTest>
    <UnitTest name="WhenPassed1066ReturnsMLXVI" storage="c:\users\yasi\desktop\kata\test\bin\debug\test.dll" id="cde0597e-b99c-1877-0d2c-e186e7a58e26">
      <Execution id="e9166b1a-58ae-44f2-858c-7cba4fb8e73a" />
      <TestMethod codeBase="C:/Users/Yasi/Desktop/Kata/Test/bin/Debug/Test.DLL" adapterTypeName="Microsoft.VisualStudio.TestTools.TestTypes.Unit.UnitTestAdapter, Microsoft.VisualStudio.QualityTools.Tips.UnitTest.Adapter, Version=10.0.0.0, Culture=neutral, PublicKeyToken=b03f5f7f11d50a3a" className="Test.RomanArabicNumeralConverterTests, Test, Version=1.0.0.0, Culture=neutral, PublicKeyToken=null" name="WhenPassed1066ReturnsMLXVI" />
    </UnitTest>
    <UnitTest name="WhenPassedIIIReturns3" storage="c:\users\yasi\desktop\kata\test\bin\debug\test.dll" id="011686d5-b5a8-2b1c-c412-10b0bbda3ce2">
      <Execution id="f13ca643-0635-4fa0-83b3-f4890b591b05" />
      <TestMethod codeBase="C:/Users/Yasi/Desktop/Kata/Test/bin/Debug/Test.DLL" adapterTypeName="Microsoft.VisualStudio.TestTools.TestTypes.Unit.UnitTestAdapter, Microsoft.VisualStudio.QualityTools.Tips.UnitTest.Adapter, Version=10.0.0.0, Culture=neutral, PublicKeyToken=b03f5f7f11d50a3a" className="Test.RomanArabicNumeralConverterTests, Test, Version=1.0.0.0, Culture=neutral, PublicKeyToken=null" name="WhenPassedIIIReturns3" />
    </UnitTest>
    <UnitTest name="WhenPassedNegativeNumeralThrowsExpection" storage="c:\users\yasi\desktop\kata\test\bin\debug\test.dll" id="bf8c049f-0c32-6f9c-f5cb-f469f11b50c7">
      <Execution id="f3f2faf1-5f00-425c-a3bd-01ec038f9456" />
      <TestMethod codeBase="C:/Users/Yasi/Desktop/Kata/Test/bin/Debug/Test.DLL" adapterTypeName="Microsoft.VisualStudio.TestTools.TestTypes.Unit.UnitTestAdapter, Microsoft.VisualStudio.QualityTools.Tips.UnitTest.Adapter, Version=10.0.0.0, Culture=neutral, PublicKeyToken=b03f5f7f11d50a3a" className="Test.RomanArabicNumeralConverterTests, Test, Version=1.0.0.0, Culture=neutral, PublicKeyToken=null" name="WhenPassedNegativeNumeralThrowsExpection" />
    </UnitTest>
    <UnitTest name="WhenPassed1986ReturnsMCMLXXXIX" storage="c:\users\yasi\desktop\kata\test\bin\debug\test.dll" id="d969b015-e498-3309-0ee8-8123b1d34301">
      <Execution id="8eae51af-92a3-4a5e-b325-dc64f19997fe" />
      <TestMethod codeBase="C:/Users/Yasi/Desktop/Kata/Test/bin/Debug/Test.DLL" adapterTypeName="Microsoft.VisualStudio.TestTools.TestTypes.Unit.UnitTestAdapter, Microsoft.VisualStudio.QualityTools.Tips.UnitTest.Adapter, Version=10.0.0.0, Culture=neutral, PublicKeyToken=b03f5f7f11d50a3a" className="Test.RomanArabicNumeralConverterTests, Test, Version=1.0.0.0, Culture=neutral, PublicKeyToken=null" name="WhenPassed1986ReturnsMCMLXXXIX" />
    </UnitTest>
  </TestDefinitions>
  <TestLists>
    <TestList name="Results Not in a List" id="8c84fa94-04c1-424b-9868-57a2d4851a1d" />
    <TestList name="All Loaded Results" id="19431567-8539-422a-85d7-44ee4e166bda" />
  </TestLists>
  <TestEntries>
    <TestEntry testId="011686d5-b5a8-2b1c-c412-10b0bbda3ce2" executionId="f13ca643-0635-4fa0-83b3-f4890b591b05" testListId="8c84fa94-04c1-424b-9868-57a2d4851a1d" />
    <TestEntry testId="02d580d6-15be-9c3c-fccc-917eb22e85a1" executionId="e175238c-8044-46b6-af54-e4335e907dbf" testListId="8c84fa94-04c1-424b-9868-57a2d4851a1d" />
    <TestEntry testId="02e15bbb-90c5-dd89-5a33-f944f7bc7758" executionId="ce400f68-1cf2-412c-a059-b403cecf57be" testListId="8c84fa94-04c1-424b-9868-57a2d4851a1d" />
    <TestEntry testId="05609b60-72dd-d96b-e66f-f2d0dfafe5be" executionId="af259c27-dbb2-42c8-b315-2105473f1c8d" testListId="8c84fa94-04c1-424b-9868-57a2d4851a1d" />
    <TestEntry testId="071f8ee4-dc4b-d829-9b11-e35f88745432" executionId="a23d2aec-c230-43b0-a0f5-db3c02839d2e" testListId="8c84fa94-04c1-424b-9868-57a2d4851a1d" />
    <TestEntry testId="0947d309-4b18-4842-ceee-a16c92cd687f" executionId="320bf3c5-7da9-46a3-9e38-08cd4f206f3f" testListId="8c84fa94-04c1-424b-9868-57a2d4851a1d" />
    <TestEntry testId="1252244a-3fe2-65c7-7ad2-9f13c19cb34f" executionId="fbea94af-28e9-4491-9c65-486e933245f8" testListId="8c84fa94-04c1-424b-9868-57a2d4851a1d" />
    <TestEntry testId="1f9c30dd-604b-511a-744b-fc676edddff3" executionId="e43e7b66-f05a-4a7f-9742-2c2a7a0ef8f3" testListId="8c84fa94-04c1-424b-9868-57a2d4851a1d" />
    <TestEntry testId="3b5c73aa-2321-9876-c72d-8d128b3afa8a" executionId="4234cb0b-75ac-4c9a-a4b9-daab42999211" testListId="8c84fa94-04c1-424b-9868-57a2d4851a1d" />
    <TestEntry testId="40da96bf-8511-090f-4358-5e6a2fb850af" executionId="de1aed1b-84d8-44f1-822a-c96adf855e1f" testListId="8c84fa94-04c1-424b-9868-57a2d4851a1d" />
    <TestEntry testId="8640c846-6856-32ac-8488-39befd2989e3" executionId="fb24ff72-362e-4a21-978f-3c5bf086f1e9" testListId="8c84fa94-04c1-424b-9868-57a2d4851a1d" />
    <TestEntry testId="bf8c049f-0c32-6f9c-f5cb-f469f11b50c7" executionId="f3f2faf1-5f00-425c-a3bd-01ec038f9456" testListId="8c84fa94-04c1-424b-9868-57a2d4851a1d" />
    <TestEntry testId="cde0597e-b99c-1877-0d2c-e186e7a58e26" executionId="e9166b1a-58ae-44f2-858c-7cba4fb8e73a" testListId="8c84fa94-04c1-424b-9868-57a2d4851a1d" />
    <TestEntry testId="d831c014-5bc2-e7f6-f403-fddfe91eec11" executionId="c54c8238-a879-4f93-b860-f124635ca44e" testListId="8c84fa94-04c1-424b-9868-57a2d4851a1d" />
    <TestEntry testId="d969b015-e498-3309-0ee8-8123b1d34301" executionId="8eae51af-92a3-4a5e-b325-dc64f19997fe" testListId="8c84fa94-04c1-424b-9868-57a2d4851a1d" />
    <TestEntry testId="f7646a7c-d2cb-0811-9dec-91463d27cae4" executionId="ad20db60-3f4a-4052-b352-be828bee651b" testListId="8c84fa94-04c1-424b-9868-57a2d4851a1d" />
  </TestEntries>
  <Results>
    <UnitTestResult executionId="f13ca643-0635-4fa0-83b3-f4890b591b05" testId="011686d5-b5a8-2b1c-c412-10b0bbda3ce2" testName="WhenPassedIIIReturns3" computerName="ROBERTO" duration="00:00:00.0131673" startTime="2015-04-29T23:02:08.7477653-04:00" endTime="2015-04-29T23:02:08.9987796-04:00" testType="13cdc9d9-ddb5-4fa4-a97d-d965ccfc6d4b" outcome="Passed" testListId="8c84fa94-04c1-424b-9868-57a2d4851a1d" relativeResultsDirectory="f13ca643-0635-4fa0-83b3-f4890b591b05">
    </UnitTestResult>
    <UnitTestResult executionId="e175238c-8044-46b6-af54-e4335e907dbf" testId="02d580d6-15be-9c3c-fccc-917eb22e85a1" testName="WhenPassed1ReturnsI" computerName="ROBERTO" duration="00:00:00.0011248" startTime="2015-04-29T23:02:08.9997797-04:00" endTime="2015-04-29T23:02:09.0057800-04:00" testType="13cdc9d9-ddb5-4fa4-a97d-d965ccfc6d4b" outcome="Passed" testListId="8c84fa94-04c1-424b-9868-57a2d4851a1d" relativeResultsDirectory="e175238c-8044-46b6-af54-e4335e907dbf">
    </UnitTestResult>
    <UnitTestResult executionId="ce400f68-1cf2-412c-a059-b403cecf57be" testId="02e15bbb-90c5-dd89-5a33-f944f7bc7758" testName="WhenPassedIReturns1" computerName="ROBERTO" duration="00:00:00.0002426" startTime="2015-04-29T23:02:09.0117804-04:00" endTime="2015-04-29T23:02:09.0167806-04:00" testType="13cdc9d9-ddb5-4fa4-a97d-d965ccfc6d4b" outcome="Passed" testListId="8c84fa94-04c1-424b-9868-57a2d4851a1d" relativeResultsDirectory="ce400f68-1cf2-412c-a059-b403cecf57be">
    </UnitTestResult>
    <UnitTestResult executionId="af259c27-dbb2-42c8-b315-2105473f1c8d" testId="05609b60-72dd-d96b-e66f-f2d0dfafe5be" testName="WhenPassedIXReturns9" computerName="ROBERTO" duration="00:00:00.0001921" startTime="2015-04-29T23:02:09.0167806-04:00" endTime="2015-04-29T23:02:09.0217809-04:00" testType="13cdc9d9-ddb5-4fa4-a97d-d965ccfc6d4b" outcome="Passed" testListId="8c84fa94-04c1-424b-9868-57a2d4851a1d" relativeResultsDirectory="af259c27-dbb2-42c8-b315-2105473f1c8d">
    </UnitTestResult>
    <UnitTestResult executionId="a23d2aec-c230-43b0-a0f5-db3c02839d2e" testId="071f8ee4-dc4b-d829-9b11-e35f88745432" testName="WhenPassedRomanNumeralWronglyOrderedLettersThrowsExpection" computerName="ROBERTO" duration="00:00:00.0030497" startTime="2015-04-29T23:02:09.0227810-04:00" endTime="2015-04-29T23:02:09.0307814-04:00" testType="13cdc9d9-ddb5-4fa4-a97d-d965ccfc6d4b" outcome="Passed" testListId="8c84fa94-04c1-424b-9868-57a2d4851a1d" relativeResultsDirectory="a23d2aec-c230-43b0-a0f5-db3c02839d2e">
    </UnitTestResult>
    <UnitTestResult executionId="320bf3c5-7da9-46a3-9e38-08cd4f206f3f" testId="0947d309-4b18-4842-ceee-a16c92cd687f" testName="WhenPassedZeroThrowsExpection" computerName="ROBERTO" duration="00:00:00.0006597" startTime="2015-04-29T23:02:09.0317815-04:00" endTime="2015-04-29T23:02:09.0357817-04:00" testType="13cdc9d9-ddb5-4fa4-a97d-d965ccfc6d4b" outcome="Passed" testListId="8c84fa94-04c1-424b-9868-57a2d4851a1d" relativeResultsDirectory="320bf3c5-7da9-46a3-9e38-08cd4f206f3f">
    </UnitTestResult>
    <UnitTestResult executionId="fbea94af-28e9-4491-9c65-486e933245f8" testId="1252244a-3fe2-65c7-7ad2-9f13c19cb34f" testName="WhenPassedMLXVIReturns1066" computerName="ROBERTO" duration="00:00:00.0002015" startTime="2015-04-29T23:02:09.0367818-04:00" endTime="2015-04-29T23:02:09.0427821-04:00" testType="13cdc9d9-ddb5-4fa4-a97d-d965ccfc6d4b" outcome="Passed" testListId="8c84fa94-04c1-424b-9868-57a2d4851a1d" relativeResultsDirectory="fbea94af-28e9-4491-9c65-486e933245f8">
    </UnitTestResult>
    <UnitTestResult executionId="e43e7b66-f05a-4a7f-9742-2c2a7a0ef8f3" testId="1f9c30dd-604b-511a-744b-fc676edddff3" testName="WhenPassedRomanNumeralWithTooManyRepeatingValuesThrowsExection" computerName="ROBERTO" duration="00:00:00.0008423" startTime="2015-04-29T23:02:09.0437822-04:00" endTime="2015-04-29T23:02:09.0487825-04:00" testType="13cdc9d9-ddb5-4fa4-a97d-d965ccfc6d4b" outcome="Passed" testListId="8c84fa94-04c1-424b-9868-57a2d4851a1d" relativeResultsDirectory="e43e7b66-f05a-4a7f-9742-2c2a7a0ef8f3">
    </UnitTestResult>
    <UnitTestResult executionId="4234cb0b-75ac-4c9a-a4b9-daab42999211" testId="3b5c73aa-2321-9876-c72d-8d128b3afa8a" testName="WhenPassedRomanNumeralWithRepetingFivesThrowsExpection" computerName="ROBERTO" duration="00:00:00.0012065" startTime="2015-04-29T23:02:09.0497825-04:00" endTime="2015-04-29T23:02:09.0557829-04:00" testType="13cdc9d9-ddb5-4fa4-a97d-d965ccfc6d4b" outcome="Passed" testListId="8c84fa94-04c1-424b-9868-57a2d4851a1d" relativeResultsDirectory="4234cb0b-75ac-4c9a-a4b9-daab42999211">
    </UnitTestResult>
    <UnitTestResult executionId="de1aed1b-84d8-44f1-822a-c96adf855e1f" testId="40da96bf-8511-090f-4358-5e6a2fb850af" testName="WhenPassedInvalidCharactersThrowsExpection" computerName="ROBERTO" duration="00:00:00.0006814" startTime="2015-04-29T23:02:09.0577830-04:00" endTime="2015-04-29T23:02:09.0617832-04:00" testType="13cdc9d9-ddb5-4fa4-a97d-d965ccfc6d4b" outcome="Passed" testListId="8c84fa94-04c1-424b-9868-57a2d4851a1d" relativeResultsDirectory="de1aed1b-84d8-44f1-822a-c96adf855e1f">
    </UnitTestResult>
    <UnitTestResult executionId="fb24ff72-362e-4a21-978f-3c5bf086f1e9" testId="8640c846-6856-32ac-8488-39befd2989e3" testName="WhenPassed9ReturnsIX" computerName="ROBERTO" duration="00:00:00.0002266" startTime="2015-04-29T23:02:09.0627833-04:00" endTime="2015-04-29T23:02:09.0707837-04:00" testType="13cdc9d9-ddb5-4fa4-a97d-d965ccfc6d4b" outcome="Passed" testListId="8c84fa94-04c1-424b-9868-57a2d4851a1d" relativeResultsDirectory="fb24ff72-362e-4a21-978f-3c5bf086f1e9">
    </UnitTestResult>
    <UnitTestResult executionId="f3f2faf1-5f00-425c-a3bd-01ec038f9456" testId="bf8c049f-0c32-6f9c-f5cb-f469f11b50c7" testName="WhenPassedNegativeNumeralThrowsExpection" computerName="ROBERTO" duration="00:00:00.0008111" startTime="2015-04-29T23:02:09.0717838-04:00" endTime="2015-04-29T23:02:09.0787842-04:00" testType="13cdc9d9-ddb5-4fa4-a97d-d965ccfc6d4b" outcome="Passed" testListId="8c84fa94-04c1-424b-9868-57a2d4851a1d" relativeResultsDirectory="f3f2faf1-5f00-425c-a3bd-01ec038f9456">
    </UnitTestResult>
    <UnitTestResult executionId="e9166b1a-58ae-44f2-858c-7cba4fb8e73a" testId="cde0597e-b99c-1877-0d2c-e186e7a58e26" testName="WhenPassed1066ReturnsMLXVI" computerName="ROBERTO" duration="00:00:00.0001752" startTime="2015-04-29T23:02:09.0797842-04:00" endTime="2015-04-29T23:02:09.0837845-04:00" testType="13cdc9d9-ddb5-4fa4-a97d-d965ccfc6d4b" outcome="Passed" testListId="8c84fa94-04c1-424b-9868-57a2d4851a1d" relativeResultsDirectory="e9166b1a-58ae-44f2-858c-7cba4fb8e73a">
    </UnitTestResult>
    <UnitTestResult executionId="c54c8238-a879-4f93-b860-f124635ca44e" testId="d831c014-5bc2-e7f6-f403-fddfe91eec11" testName="WhenPassed3ReturnsIII" computerName="ROBERTO" duration="00:00:00.0002524" startTime="2015-04-29T23:02:09.0867846-04:00" endTime="2015-04-29T23:02:09.0917849-04:00" testType="13cdc9d9-ddb5-4fa4-a97d-d965ccfc6d4b" outcome="Passed" testListId="8c84fa94-04c1-424b-9868-57a2d4851a1d" relativeResultsDirectory="c54c8238-a879-4f93-b860-f124635ca44e">
    </UnitTestResult>
    <UnitTestResult executionId="8eae51af-92a3-4a5e-b325-dc64f19997fe" testId="d969b015-e498-3309-0ee8-8123b1d34301" testName="WhenPassed1986ReturnsMCMLXXXIX" computerName="ROBERTO" duration="00:00:00.0001843" startTime="2015-04-29T23:02:09.0937850-04:00" endTime="2015-04-29T23:02:09.0977853-04:00" testType="13cdc9d9-ddb5-4fa4-a97d-d965ccfc6d4b" outcome="Passed" testListId="8c84fa94-04c1-424b-9868-57a2d4851a1d" relativeResultsDirectory="8eae51af-92a3-4a5e-b325-dc64f19997fe">
    </UnitTestResult>
    <UnitTestResult executionId="ad20db60-3f4a-4052-b352-be828bee651b" testId="f7646a7c-d2cb-0811-9dec-91463d27cae4" testName="WhenPassedMCMLXXXIXReturns1989" computerName="ROBERTO" duration="00:00:00.0001568" startTime="2015-04-29T23:02:09.0997854-04:00" endTime="2015-04-29T23:02:09.1047857-04:00" testType="13cdc9d9-ddb5-4fa4-a97d-d965ccfc6d4b" outcome="Passed" testListId="8c84fa94-04c1-424b-9868-57a2d4851a1d" relativeResultsDirectory="ad20db60-3f4a-4052-b352-be828bee651b">
    </UnitTestResult>
  </Results>
</TestRun>