<?xml version="1.0" encoding="UTF-8"?>
<TestRun id="c583b56f-cb4f-44dc-a929-ff98a7d44eda" name="Yasi@ROBERTO 2015-04-26 22:18:37" runUser="Roberto\Yasi" xmlns="http://microsoft.com/schemas/VisualStudio/TeamTest/2010">
  <TestSettings name="Local" id="02a0cb3c-6283-4650-85cb-2bd4791474de">
    <Description>These are default test settings for a local test run.</Description>
    <Deployment enabled="false" runDeploymentRoot="Yasi_ROBERTO 2015-04-26 22_18_37">
      <DeploymentItem filename="C:\Users\Yasi\Desktop\Kata\Kata\bin\Debug\Kata.exe" />
    </Deployment>
    <Execution>
      <TestTypeSpecific />
      <AgentRule name="Execution Agents">
      </AgentRule>
    </Execution>
  </TestSettings>
  <Times creation="2015-04-26T22:18:37.5781515-04:00" queuing="2015-04-26T22:18:37.5881521-04:00" start="2015-04-26T22:18:37.5931524-04:00" finish="2015-04-26T22:18:37.7861634-04:00" />
  <ResultSummary outcome="Completed">
    <Counters total="1" executed="1" passed="1" error="0" failed="0" timeout="0" aborted="0" inconclusive="0" passedButRunAborted="0" notRunnable="0" notExecuted="0" disconnected="0" warning="0" completed="0" inProgress="0" pending="0" />
  </ResultSummary>
  <TestDefinitions>
    <UnitTest name="WhenPassedIXReturns9" storage="c:\users\yasi\desktop\kata\test\bin\debug\test.dll" id="05609b60-72dd-d96b-e66f-f2d0dfafe5be">
      <Execution id="ecd5930e-f71d-4d62-abe7-b98303f29585" />
      <TestMethod codeBase="C:/Users/Yasi/Desktop/Kata/Test/bin/Debug/Test.DLL" adapterTypeName="Microsoft.VisualStudio.TestTools.TestTypes.Unit.UnitTestAdapter, Microsoft.VisualStudio.QualityTools.Tips.UnitTest.Adapter, Version=10.0.0.0, Culture=neutral, PublicKeyToken=b03f5f7f11d50a3a" className="Test.RomanArabicNumeralConverterTests, Test, Version=1.0.0.0, Culture=neutral, PublicKeyToken=null" name="WhenPassedIXReturns9" />
    </UnitTest>
  </TestDefinitions>
  <TestLists>
    <TestList name="Results Not in a List" id="8c84fa94-04c1-424b-9868-57a2d4851a1d" />
    <TestList name="All Loaded Results" id="19431567-8539-422a-85d7-44ee4e166bda" />
  </TestLists>
  <TestEntries>
    <TestEntry testId="05609b60-72dd-d96b-e66f-f2d0dfafe5be" executionId="ecd5930e-f71d-4d62-abe7-b98303f29585" testListId="8c84fa94-04c1-424b-9868-57a2d4851a1d" />
  </TestEntries>
  <Results>
    <UnitTestResult executionId="ecd5930e-f71d-4d62-abe7-b98303f29585" testId="05609b60-72dd-d96b-e66f-f2d0dfafe5be" testName="WhenPassedIXReturns9" computerName="ROBERTO" duration="00:00:00.0203029" startTime="2015-04-26T22:18:37.5951525-04:00" endTime="2015-04-26T22:18:37.7681624-04:00" testType="13cdc9d9-ddb5-4fa4-a97d-d965ccfc6d4b" outcome="Passed" testListId="8c84fa94-04c1-424b-9868-57a2d4851a1d" relativeResultsDirectory="ecd5930e-f71d-4d62-abe7-b98303f29585">
    </UnitTestResult>
  </Results>
</TestRun>