<?xml version="1.0" encoding="UTF-8"?>
<TestRun id="a14608c8-cbd8-488a-b93a-399f1db26257" name="Yasi@ROBERTO 2015-04-26 22:50:45" runUser="Roberto\Yasi" xmlns="http://microsoft.com/schemas/VisualStudio/TeamTest/2010">
  <TestSettings name="Local" id="02a0cb3c-6283-4650-85cb-2bd4791474de">
    <Description>These are default test settings for a local test run.</Description>
    <Deployment enabled="false" runDeploymentRoot="Yasi_ROBERTO 2015-04-26 22_50_45">
      <DeploymentItem filename="C:\Users\Yasi\Desktop\Kata\Kata\bin\Debug\Kata.exe" />
    </Deployment>
    <Execution>
      <TestTypeSpecific />
      <AgentRule name="Execution Agents">
      </AgentRule>
    </Execution>
  </TestSettings>
  <Times creation="2015-04-26T22:50:45.0243951-04:00" queuing="2015-04-26T22:50:45.0353958-04:00" start="2015-04-26T22:50:45.0523967-04:00" finish="2015-04-26T22:50:45.3464136-04:00" />
  <ResultSummary outcome="Failed">
    <Counters total="16" executed="16" passed="11" error="0" failed="5" timeout="0" aborted="0" inconclusive="0" passedButRunAborted="0" notRunnable="0" notExecuted="0" disconnected="0" warning="0" completed="0" inProgress="0" pending="0" />
  </ResultSummary>
  <TestDefinitions>
    <UnitTest name="WhenPassedIXReturns9" storage="c:\users\yasi\desktop\kata\test\bin\debug\test.dll" id="05609b60-72dd-d96b-e66f-f2d0dfafe5be">
      <Execution id="261917d2-567c-4f74-88aa-30d85251f535" />
      <TestMethod codeBase="C:/Users/Yasi/Desktop/Kata/Test/bin/Debug/Test.DLL" adapterTypeName="Microsoft.VisualStudio.TestTools.TestTypes.Unit.UnitTestAdapter, Microsoft.VisualStudio.QualityTools.Tips.UnitTest.Adapter, Version=10.0.0.0, Culture=neutral, PublicKeyToken=b03f5f7f11d50a3a" className="Test.RomanArabicNumeralConverterTests, Test, Version=1.0.0.0, Culture=neutral, PublicKeyToken=null" name="WhenPassedIXReturns9" />
    </UnitTest>
    <UnitTest name="WhenPassed9ReturnsIX" storage="c:\users\yasi\desktop\kata\test\bin\debug\test.dll" id="8640c846-6856-32ac-8488-39befd2989e3">
      <Execution id="61e22b80-f34f-4ee1-9c93-339206d1a010" />
      <TestMethod codeBase="C:/Users/Yasi/Desktop/Kata/Test/bin/Debug/Test.DLL" adapterTypeName="Microsoft.VisualStudio.TestTools.TestTypes.Unit.UnitTestAdapter, Microsoft.VisualStudio.QualityTools.Tips.UnitTest.Adapter, Version=10.0.0.0, Culture=neutral, PublicKeyToken=b03f5f7f11d50a3a" className="Test.RomanArabicNumeralConverterTests, Test, Version=1.0.0.0, Culture=neutral, PublicKeyToken=null" name="WhenPassed9ReturnsIX" />
    </UnitTest>
    <UnitTest name="WhenPassedZeroThrowsExpection" storage="c:\users\yasi\desktop\kata\test\bin\debug\test.dll" id="0947d309-4b18-4842-ceee-a16c92cd687f">
      <Execution id="1c3dc4a1-d8d8-47e5-8f69-9060f0eb4408" />
      <TestMethod codeBase="C:/Users/Yasi/Desktop/Kata/Test/bin/Debug/Test.DLL" adapterTypeName="Microsoft.VisualStudio.TestTools.TestTypes.Unit.UnitTestAdapter, Microsoft.VisualStudio.QualityTools.Tips.UnitTest.Adapter, Version=10.0.0.0, Culture=neutral, PublicKeyToken=b03f5f7f11d50a3a" className="Test.RomanArabicNumeralConverterTests, Test, Version=1.0.0.0, Culture=neutral, PublicKeyToken=null" name="WhenPassedZeroThrowsExpection" />
    </UnitTest>
    <UnitTest name="WhenPassedIReturns1" storage="c:\users\yasi\desktop\kata\test\bin\debug\test.dll" id="02e15bbb-90c5-dd89-5a33-f944f7bc7758">
      <Execution id="eb89857d-d06c-4f8c-90db-f3aca2030296" />
      <TestMethod codeBase="C:/Users/Yasi/Desktop/Kata/Test/bin/Debug/Test.DLL" adapterTypeName="Microsoft.VisualStudio.TestTools.TestTypes.Unit.UnitTestAdapter, Microsoft.VisualStudio.QualityTools.Tips.UnitTest.Adapter, Version=10.0.0.0, Culture=neutral, PublicKeyToken=b03f5f7f11d50a3a" className="Test.RomanArabicNumeralConverterTests, Test, Version=1.0.0.0, Culture=neutral, PublicKeyToken=null" name="WhenPassedIReturns1" />
    </UnitTest>
    <UnitTest name="WhenPassedRomanNumeralWithTooManyRepeatingValuesThrowsExection" storage="c:\users\yasi\desktop\kata\test\bin\debug\test.dll" id="1f9c30dd-604b-511a-744b-fc676edddff3">
      <Execution id="cfedfaac-b721-4aa4-ab28-1f57988fc832" />
      <TestMethod codeBase="C:/Users/Yasi/Desktop/Kata/Test/bin/Debug/Test.DLL" adapterTypeName="Microsoft.VisualStudio.TestTools.TestTypes.Unit.UnitTestAdapter, Microsoft.VisualStudio.QualityTools.Tips.UnitTest.Adapter, Version=10.0.0.0, Culture=neutral, PublicKeyToken=b03f5f7f11d50a3a" className="Test.RomanArabicNumeralConverterTests, Test, Version=1.0.0.0, Culture=neutral, PublicKeyToken=null" name="WhenPassedRomanNumeralWithTooManyRepeatingValuesThrowsExection" />
    </UnitTest>
    <UnitTest name="WhenPassedInvalidCharactersThrowsExpection" storage="c:\users\yasi\desktop\kata\test\bin\debug\test.dll" id="40da96bf-8511-090f-4358-5e6a2fb850af">
      <Execution id="211681bc-268f-4c0e-8f6a-47bc0e2b743a" />
      <TestMethod codeBase="C:/Users/Yasi/Desktop/Kata/Test/bin/Debug/Test.DLL" adapterTypeName="Microsoft.VisualStudio.TestTools.TestTypes.Unit.UnitTestAdapter, Microsoft.VisualStudio.QualityTools.Tips.UnitTest.Adapter, Version=10.0.0.0, Culture=neutral, PublicKeyToken=b03f5f7f11d50a3a" className="Test.RomanArabicNumeralConverterTests, Test, Version=1.0.0.0, Culture=neutral, PublicKeyToken=null" name="WhenPassedInvalidCharactersThrowsExpection" />
    </UnitTest>
    <UnitTest name="WhenPassed3ReturnsIII" storage="c:\users\yasi\desktop\kata\test\bin\debug\test.dll" id="d831c014-5bc2-e7f6-f403-fddfe91eec11">
      <Execution id="0c978c71-e68e-4626-8597-cc4ee4781cec" />
      <TestMethod codeBase="C:/Users/Yasi/Desktop/Kata/Test/bin/Debug/Test.DLL" adapterTypeName="Microsoft.VisualStudio.TestTools.TestTypes.Unit.UnitTestAdapter, Microsoft.VisualStudio.QualityTools.Tips.UnitTest.Adapter, Version=10.0.0.0, Culture=neutral, PublicKeyToken=b03f5f7f11d50a3a" className="Test.RomanArabicNumeralConverterTests, Test, Version=1.0.0.0, Culture=neutral, PublicKeyToken=null" name="WhenPassed3ReturnsIII" />
    </UnitTest>
    <UnitTest name="WhenPassedRomanNumeralWronglyOrderedLettersThrowsExpection" storage="c:\users\yasi\desktop\kata\test\bin\debug\test.dll" id="071f8ee4-dc4b-d829-9b11-e35f88745432">
      <Execution id="ab18c633-11ba-4e01-9c17-b543a7b888f5" />
      <TestMethod codeBase="C:/Users/Yasi/Desktop/Kata/Test/bin/Debug/Test.DLL" adapterTypeName="Microsoft.VisualStudio.TestTools.TestTypes.Unit.UnitTestAdapter, Microsoft.VisualStudio.QualityTools.Tips.UnitTest.Adapter, Version=10.0.0.0, Culture=neutral, PublicKeyToken=b03f5f7f11d50a3a" className="Test.RomanArabicNumeralConverterTests, Test, Version=1.0.0.0, Culture=neutral, PublicKeyToken=null" name="WhenPassedRomanNumeralWronglyOrderedLettersThrowsExpection" />
    </UnitTest>
    <UnitTest name="WhenPassed1ReturnsI" storage="c:\users\yasi\desktop\kata\test\bin\debug\test.dll" id="02d580d6-15be-9c3c-fccc-917eb22e85a1">
      <Execution id="a82b3d07-00dc-4f60-a13b-5b9617bfb2c2" />
      <TestMethod codeBase="C:/Users/Yasi/Desktop/Kata/Test/bin/Debug/Test.DLL" adapterTypeName="Microsoft.VisualStudio.TestTools.TestTypes.Unit.UnitTestAdapter, Microsoft.VisualStudio.QualityTools.Tips.UnitTest.Adapter, Version=10.0.0.0, Culture=neutral, PublicKeyToken=b03f5f7f11d50a3a" className="Test.RomanArabicNumeralConverterTests, Test, Version=1.0.0.0, Culture=neutral, PublicKeyToken=null" name="WhenPassed1ReturnsI" />
    </UnitTest>
    <UnitTest name="WhenPassedMCMLXXXIXReturns1989" storage="c:\users\yasi\desktop\kata\test\bin\debug\test.dll" id="f7646a7c-d2cb-0811-9dec-91463d27cae4">
      <Execution id="62bcf7da-82a8-40df-abf2-1deb0d25f16f" />
      <TestMethod codeBase="C:/Users/Yasi/Desktop/Kata/Test/bin/Debug/Test.DLL" adapterTypeName="Microsoft.VisualStudio.TestTools.TestTypes.Unit.UnitTestAdapter, Microsoft.VisualStudio.QualityTools.Tips.UnitTest.Adapter, Version=10.0.0.0, Culture=neutral, PublicKeyToken=b03f5f7f11d50a3a" className="Test.RomanArabicNumeralConverterTests, Test, Version=1.0.0.0, Culture=neutral, PublicKeyToken=null" name="WhenPassedMCMLXXXIXReturns1989" />
    </UnitTest>
    <UnitTest name="WhenPassedRomanNumeralWithRepetingFivesThrowsExpection" storage="c:\users\yasi\desktop\kata\test\bin\debug\test.dll" id="3b5c73aa-2321-9876-c72d-8d128b3afa8a">
      <Execution id="76571295-d079-4a8c-9845-c35922ac4132" />
      <TestMethod codeBase="C:/Users/Yasi/Desktop/Kata/Test/bin/Debug/Test.DLL" adapterTypeName="Microsoft.VisualStudio.TestTools.TestTypes.Unit.UnitTestAdapter, Microsoft.VisualStudio.QualityTools.Tips.UnitTest.Adapter, Version=10.0.0.0, Culture=neutral, PublicKeyToken=b03f5f7f11d50a3a" className="Test.RomanArabicNumeralConverterTests, Test, Version=1.0.0.0, Culture=neutral, PublicKeyToken=null" name="WhenPassedRomanNumeralWithRepetingFivesThrowsExpection" />
    </UnitTest>
    <UnitTest name="WhenPassedMLXVIReturns1066" storage="c:\users\yasi\desktop\kata\test\bin\debug\test.dll" id="1252244a-3fe2-65c7-7ad2-9f13c19cb34f">
      <Execution id="57ffbdb7-88ba-4e75-8f04-e344ee8d5a57" />
      <TestMethod codeBase="C:/Users/Yasi/Desktop/Kata/Test/bin/Debug/Test.DLL" adapterTypeName="Microsoft.VisualStudio.TestTools.TestTypes.Unit.UnitTestAdapter, Microsoft.VisualStudio.QualityTools.Tips.UnitTest.Adapter, Version=10.0.0.0, Culture=neutral, PublicKeyToken=b03f5f7f11d50a3a" className="Test.RomanArabicNumeralConverterTests, Test, Version=1.0.0.0, Culture=neutral, PublicKeyToken=null" name="WhenPassedMLXVIReturns1066" />
    </UnitTest>
    <UnitTest name="WhenPassed1066ReturnsMLXVI" storage="c:\users\yasi\desktop\kata\test\bin\debug\test.dll" id="cde0597e-b99c-1877-0d2c-e186e7a58e26">
      <Execution id="70725f8b-6f0e-470d-bd8c-6ef65dbc582c" />
      <TestMethod codeBase="C:/Users/Yasi/Desktop/Kata/Test/bin/Debug/Test.DLL" adapterTypeName="Microsoft.VisualStudio.TestTools.TestTypes.Unit.UnitTestAdapter, Microsoft.VisualStudio.QualityTools.Tips.UnitTest.Adapter, Version=10.0.0.0, Culture=neutral, PublicKeyToken=b03f5f7f11d50a3a" className="Test.RomanArabicNumeralConverterTests, Test, Version=1.0.0.0, Culture=neutral, PublicKeyToken=null" name="WhenPassed1066ReturnsMLXVI" />
    </UnitTest>
    <UnitTest name="WhenPassedIIIReturns3" storage="c:\users\yasi\desktop\kata\test\bin\debug\test.dll" id="011686d5-b5a8-2b1c-c412-10b0bbda3ce2">
      <Execution id="98bc7fdd-4733-4a1e-8de7-36b1fa3936a7" />
      <TestMethod codeBase="C:/Users/Yasi/Desktop/Kata/Test/bin/Debug/Test.DLL" adapterTypeName="Microsoft.VisualStudio.TestTools.TestTypes.Unit.UnitTestAdapter, Microsoft.VisualStudio.QualityTools.Tips.UnitTest.Adapter, Version=10.0.0.0, Culture=neutral, PublicKeyToken=b03f5f7f11d50a3a" className="Test.RomanArabicNumeralConverterTests, Test, Version=1.0.0.0, Culture=neutral, PublicKeyToken=null" name="WhenPassedIIIReturns3" />
    </UnitTest>
    <UnitTest name="WhenPassedNegativeNumeralThrowsExpection" storage="c:\users\yasi\desktop\kata\test\bin\debug\test.dll" id="bf8c049f-0c32-6f9c-f5cb-f469f11b50c7">
      <Execution id="64f7c9ec-c285-454d-8555-0b785a36044d" />
      <TestMethod codeBase="C:/Users/Yasi/Desktop/Kata/Test/bin/Debug/Test.DLL" adapterTypeName="Microsoft.VisualStudio.TestTools.TestTypes.Unit.UnitTestAdapter, Microsoft.VisualStudio.QualityTools.Tips.UnitTest.Adapter, Version=10.0.0.0, Culture=neutral, PublicKeyToken=b03f5f7f11d50a3a" className="Test.RomanArabicNumeralConverterTests, Test, Version=1.0.0.0, Culture=neutral, PublicKeyToken=null" name="WhenPassedNegativeNumeralThrowsExpection" />
    </UnitTest>
    <UnitTest name="WhenPassed1986ReturnsMCMLXXXIX" storage="c:\users\yasi\desktop\kata\test\bin\debug\test.dll" id="d969b015-e498-3309-0ee8-8123b1d34301">
      <Execution id="db55c6ad-02c8-4b16-8943-f510c325173d" />
      <TestMethod codeBase="C:/Users/Yasi/Desktop/Kata/Test/bin/Debug/Test.DLL" adapterTypeName="Microsoft.VisualStudio.TestTools.TestTypes.Unit.UnitTestAdapter, Microsoft.VisualStudio.QualityTools.Tips.UnitTest.Adapter, Version=10.0.0.0, Culture=neutral, PublicKeyToken=b03f5f7f11d50a3a" className="Test.RomanArabicNumeralConverterTests, Test, Version=1.0.0.0, Culture=neutral, PublicKeyToken=null" name="WhenPassed1986ReturnsMCMLXXXIX" />
    </UnitTest>
  </TestDefinitions>
  <TestLists>
    <TestList name="Results Not in a List" id="8c84fa94-04c1-424b-9868-57a2d4851a1d" />
    <TestList name="All Loaded Results" id="19431567-8539-422a-85d7-44ee4e166bda" />
  </TestLists>
  <TestEntries>
    <TestEntry testId="011686d5-b5a8-2b1c-c412-10b0bbda3ce2" executionId="98bc7fdd-4733-4a1e-8de7-36b1fa3936a7" testListId="8c84fa94-04c1-424b-9868-57a2d4851a1d" />
    <TestEntry testId="02d580d6-15be-9c3c-fccc-917eb22e85a1" executionId="a82b3d07-00dc-4f60-a13b-5b9617bfb2c2" testListId="8c84fa94-04c1-424b-9868-57a2d4851a1d" />
    <TestEntry testId="02e15bbb-90c5-dd89-5a33-f944f7bc7758" executionId="eb89857d-d06c-4f8c-90db-f3aca2030296" testListId="8c84fa94-04c1-424b-9868-57a2d4851a1d" />
    <TestEntry testId="05609b60-72dd-d96b-e66f-f2d0dfafe5be" executionId="261917d2-567c-4f74-88aa-30d85251f535" testListId="8c84fa94-04c1-424b-9868-57a2d4851a1d" />
    <TestEntry testId="071f8ee4-dc4b-d829-9b11-e35f88745432" executionId="ab18c633-11ba-4e01-9c17-b543a7b888f5" testListId="8c84fa94-04c1-424b-9868-57a2d4851a1d" />
    <TestEntry testId="0947d309-4b18-4842-ceee-a16c92cd687f" executionId="1c3dc4a1-d8d8-47e5-8f69-9060f0eb4408" testListId="8c84fa94-04c1-424b-9868-57a2d4851a1d" />
    <TestEntry testId="1252244a-3fe2-65c7-7ad2-9f13c19cb34f" executionId="57ffbdb7-88ba-4e75-8f04-e344ee8d5a57" testListId="8c84fa94-04c1-424b-9868-57a2d4851a1d" />
    <TestEntry testId="1f9c30dd-604b-511a-744b-fc676edddff3" executionId="cfedfaac-b721-4aa4-ab28-1f57988fc832" testListId="8c84fa94-04c1-424b-9868-57a2d4851a1d" />
    <TestEntry testId="3b5c73aa-2321-9876-c72d-8d128b3afa8a" executionId="76571295-d079-4a8c-9845-c35922ac4132" testListId="8c84fa94-04c1-424b-9868-57a2d4851a1d" />
    <TestEntry testId="40da96bf-8511-090f-4358-5e6a2fb850af" executionId="211681bc-268f-4c0e-8f6a-47bc0e2b743a" testListId="8c84fa94-04c1-424b-9868-57a2d4851a1d" />
    <TestEntry testId="8640c846-6856-32ac-8488-39befd2989e3" executionId="61e22b80-f34f-4ee1-9c93-339206d1a010" testListId="8c84fa94-04c1-424b-9868-57a2d4851a1d" />
    <TestEntry testId="bf8c049f-0c32-6f9c-f5cb-f469f11b50c7" executionId="64f7c9ec-c285-454d-8555-0b785a36044d" testListId="8c84fa94-04c1-424b-9868-57a2d4851a1d" />
    <TestEntry testId="cde0597e-b99c-1877-0d2c-e186e7a58e26" executionId="70725f8b-6f0e-470d-bd8c-6ef65dbc582c" testListId="8c84fa94-04c1-424b-9868-57a2d4851a1d" />
    <TestEntry testId="d831c014-5bc2-e7f6-f403-fddfe91eec11" executionId="0c978c71-e68e-4626-8597-cc4ee4781cec" testListId="8c84fa94-04c1-424b-9868-57a2d4851a1d" />
    <TestEntry testId="d969b015-e498-3309-0ee8-8123b1d34301" executionId="db55c6ad-02c8-4b16-8943-f510c325173d" testListId="8c84fa94-04c1-424b-9868-57a2d4851a1d" />
    <TestEntry testId="f7646a7c-d2cb-0811-9dec-91463d27cae4" executionId="62bcf7da-82a8-40df-abf2-1deb0d25f16f" testListId="8c84fa94-04c1-424b-9868-57a2d4851a1d" />
  </TestEntries>
  <Results>
    <UnitTestResult executionId="98bc7fdd-4733-4a1e-8de7-36b1fa3936a7" testId="011686d5-b5a8-2b1c-c412-10b0bbda3ce2" testName="WhenPassedIIIReturns3" computerName="ROBERTO" duration="00:00:00.0333242" startTime="2015-04-26T22:50:45.0463964-04:00" endTime="2015-04-26T22:50:45.2284068-04:00" testType="13cdc9d9-ddb5-4fa4-a97d-d965ccfc6d4b" outcome="Failed" testListId="8c84fa94-04c1-424b-9868-57a2d4851a1d" relativeResultsDirectory="98bc7fdd-4733-4a1e-8de7-36b1fa3936a7">
      <Output>
        <ErrorInfo>
          <Message>Test method Test.RomanArabicNumeralConverterTests.WhenPassedIIIReturns3 threw exception: 
Kata.RomanNumeralNotValidExeption: Exception of type 'Kata.RomanNumeralNotValidExeption' was thrown.</Message>
          <StackTrace>    at Kata.RomanArabicNumeralConverter.ConvertRomanToArabic(String romanNumeral) in C:\Users\Yasi\Desktop\Kata\Kata\RomanArabicNumeralConverter.cs:line 82
   at Test.RomanArabicNumeralConverterTests.WhenPassedIIIReturns3() in C:\Users\Yasi\Desktop\Kata\Test\RomanArabicNumeralConverterTests.cs:line 54
</StackTrace>
        </ErrorInfo>
      </Output>
    </UnitTestResult>
    <UnitTestResult executionId="a82b3d07-00dc-4f60-a13b-5b9617bfb2c2" testId="02d580d6-15be-9c3c-fccc-917eb22e85a1" testName="WhenPassed1ReturnsI" computerName="ROBERTO" duration="00:00:00.0009712" startTime="2015-04-26T22:50:45.2294069-04:00" endTime="2015-04-26T22:50:45.2354072-04:00" testType="13cdc9d9-ddb5-4fa4-a97d-d965ccfc6d4b" outcome="Passed" testListId="8c84fa94-04c1-424b-9868-57a2d4851a1d" relativeResultsDirectory="a82b3d07-00dc-4f60-a13b-5b9617bfb2c2">
    </UnitTestResult>
    <UnitTestResult executionId="eb89857d-d06c-4f8c-90db-f3aca2030296" testId="02e15bbb-90c5-dd89-5a33-f944f7bc7758" testName="WhenPassedIReturns1" computerName="ROBERTO" duration="00:00:00.0020903" startTime="2015-04-26T22:50:45.2364073-04:00" endTime="2015-04-26T22:50:45.2434077-04:00" testType="13cdc9d9-ddb5-4fa4-a97d-d965ccfc6d4b" outcome="Failed" testListId="8c84fa94-04c1-424b-9868-57a2d4851a1d" relativeResultsDirectory="eb89857d-d06c-4f8c-90db-f3aca2030296">
      <Output>
        <ErrorInfo>
          <Message>Test method Test.RomanArabicNumeralConverterTests.WhenPassedIReturns1 threw exception: 
Kata.RomanNumeralNotValidExeption: Exception of type 'Kata.RomanNumeralNotValidExeption' was thrown.</Message>
          <StackTrace>    at Kata.RomanArabicNumeralConverter.ConvertRomanToArabic(String romanNumeral) in C:\Users\Yasi\Desktop\Kata\Kata\RomanArabicNumeralConverter.cs:line 82
   at Test.RomanArabicNumeralConverterTests.WhenPassedIReturns1() in C:\Users\Yasi\Desktop\Kata\Test\RomanArabicNumeralConverterTests.cs:line 48
</StackTrace>
        </ErrorInfo>
      </Output>
    </UnitTestResult>
    <UnitTestResult executionId="261917d2-567c-4f74-88aa-30d85251f535" testId="05609b60-72dd-d96b-e66f-f2d0dfafe5be" testName="WhenPassedIXReturns9" computerName="ROBERTO" duration="00:00:00.0018867" startTime="2015-04-26T22:50:45.2444077-04:00" endTime="2015-04-26T22:50:45.2504081-04:00" testType="13cdc9d9-ddb5-4fa4-a97d-d965ccfc6d4b" outcome="Failed" testListId="8c84fa94-04c1-424b-9868-57a2d4851a1d" relativeResultsDirectory="261917d2-567c-4f74-88aa-30d85251f535">
      <Output>
        <ErrorInfo>
          <Message>Test method Test.RomanArabicNumeralConverterTests.WhenPassedIXReturns9 threw exception: 
Kata.RomanNumeralNotValidExeption: Exception of type 'Kata.RomanNumeralNotValidExeption' was thrown.</Message>
          <StackTrace>    at Kata.RomanArabicNumeralConverter.ConvertRomanToArabic(String romanNumeral) in C:\Users\Yasi\Desktop\Kata\Kata\RomanArabicNumeralConverter.cs:line 82
   at Test.RomanArabicNumeralConverterTests.WhenPassedIXReturns9() in C:\Users\Yasi\Desktop\Kata\Test\RomanArabicNumeralConverterTests.cs:line 60
</StackTrace>
        </ErrorInfo>
      </Output>
    </UnitTestResult>
    <UnitTestResult executionId="ab18c633-11ba-4e01-9c17-b543a7b888f5" testId="071f8ee4-dc4b-d829-9b11-e35f88745432" testName="WhenPassedRomanNumeralWronglyOrderedLettersThrowsExpection" computerName="ROBERTO" duration="00:00:00.0007147" startTime="2015-04-26T22:50:45.2514081-04:00" endTime="2015-04-26T22:50:45.2554083-04:00" testType="13cdc9d9-ddb5-4fa4-a97d-d965ccfc6d4b" outcome="Passed" testListId="8c84fa94-04c1-424b-9868-57a2d4851a1d" relativeResultsDirectory="ab18c633-11ba-4e01-9c17-b543a7b888f5">
    </UnitTestResult>
    <UnitTestResult executionId="1c3dc4a1-d8d8-47e5-8f69-9060f0eb4408" testId="0947d309-4b18-4842-ceee-a16c92cd687f" testName="WhenPassedZeroThrowsExpection" computerName="ROBERTO" duration="00:00:00.0009491" startTime="2015-04-26T22:50:45.2564084-04:00" endTime="2015-04-26T22:50:45.2624087-04:00" testType="13cdc9d9-ddb5-4fa4-a97d-d965ccfc6d4b" outcome="Passed" testListId="8c84fa94-04c1-424b-9868-57a2d4851a1d" relativeResultsDirectory="1c3dc4a1-d8d8-47e5-8f69-9060f0eb4408">
    </UnitTestResult>
    <UnitTestResult executionId="57ffbdb7-88ba-4e75-8f04-e344ee8d5a57" testId="1252244a-3fe2-65c7-7ad2-9f13c19cb34f" testName="WhenPassedMLXVIReturns1066" computerName="ROBERTO" duration="00:00:00.0021404" startTime="2015-04-26T22:50:45.2634088-04:00" endTime="2015-04-26T22:50:45.2694091-04:00" testType="13cdc9d9-ddb5-4fa4-a97d-d965ccfc6d4b" outcome="Failed" testListId="8c84fa94-04c1-424b-9868-57a2d4851a1d" relativeResultsDirectory="57ffbdb7-88ba-4e75-8f04-e344ee8d5a57">
      <Output>
        <ErrorInfo>
          <Message>Test method Test.RomanArabicNumeralConverterTests.WhenPassedMLXVIReturns1066 threw exception: 
Kata.RomanNumeralNotValidExeption: Exception of type 'Kata.RomanNumeralNotValidExeption' was thrown.</Message>
          <StackTrace>    at Kata.RomanArabicNumeralConverter.ConvertRomanToArabic(String romanNumeral) in C:\Users\Yasi\Desktop\Kata\Kata\RomanArabicNumeralConverter.cs:line 82
   at Test.RomanArabicNumeralConverterTests.WhenPassedMLXVIReturns1066() in C:\Users\Yasi\Desktop\Kata\Test\RomanArabicNumeralConverterTests.cs:line 66
</StackTrace>
        </ErrorInfo>
      </Output>
    </UnitTestResult>
    <UnitTestResult executionId="cfedfaac-b721-4aa4-ab28-1f57988fc832" testId="1f9c30dd-604b-511a-744b-fc676edddff3" testName="WhenPassedRomanNumeralWithTooManyRepeatingValuesThrowsExection" computerName="ROBERTO" duration="00:00:00.0008136" startTime="2015-04-26T22:50:45.2704092-04:00" endTime="2015-04-26T22:50:45.2764095-04:00" testType="13cdc9d9-ddb5-4fa4-a97d-d965ccfc6d4b" outcome="Passed" testListId="8c84fa94-04c1-424b-9868-57a2d4851a1d" relativeResultsDirectory="cfedfaac-b721-4aa4-ab28-1f57988fc832">
    </UnitTestResult>
    <UnitTestResult executionId="76571295-d079-4a8c-9845-c35922ac4132" testId="3b5c73aa-2321-9876-c72d-8d128b3afa8a" testName="WhenPassedRomanNumeralWithRepetingFivesThrowsExpection" computerName="ROBERTO" duration="00:00:00.0009043" startTime="2015-04-26T22:50:45.2774096-04:00" endTime="2015-04-26T22:50:45.2834099-04:00" testType="13cdc9d9-ddb5-4fa4-a97d-d965ccfc6d4b" outcome="Passed" testListId="8c84fa94-04c1-424b-9868-57a2d4851a1d" relativeResultsDirectory="76571295-d079-4a8c-9845-c35922ac4132">
    </UnitTestResult>
    <UnitTestResult executionId="211681bc-268f-4c0e-8f6a-47bc0e2b743a" testId="40da96bf-8511-090f-4358-5e6a2fb850af" testName="WhenPassedInvalidCharactersThrowsExpection" computerName="ROBERTO" duration="00:00:00.0009454" startTime="2015-04-26T22:50:45.2854101-04:00" endTime="2015-04-26T22:50:45.2904103-04:00" testType="13cdc9d9-ddb5-4fa4-a97d-d965ccfc6d4b" outcome="Passed" testListId="8c84fa94-04c1-424b-9868-57a2d4851a1d" relativeResultsDirectory="211681bc-268f-4c0e-8f6a-47bc0e2b743a">
    </UnitTestResult>
    <UnitTestResult executionId="61e22b80-f34f-4ee1-9c93-339206d1a010" testId="8640c846-6856-32ac-8488-39befd2989e3" testName="WhenPassed9ReturnsIX" computerName="ROBERTO" duration="00:00:00.0002459" startTime="2015-04-26T22:50:45.2924105-04:00" endTime="2015-04-26T22:50:45.2964107-04:00" testType="13cdc9d9-ddb5-4fa4-a97d-d965ccfc6d4b" outcome="Passed" testListId="8c84fa94-04c1-424b-9868-57a2d4851a1d" relativeResultsDirectory="61e22b80-f34f-4ee1-9c93-339206d1a010">
    </UnitTestResult>
    <UnitTestResult executionId="64f7c9ec-c285-454d-8555-0b785a36044d" testId="bf8c049f-0c32-6f9c-f5cb-f469f11b50c7" testName="WhenPassedNegativeNumeralThrowsExpection" computerName="ROBERTO" duration="00:00:00.0008571" startTime="2015-04-26T22:50:45.2974107-04:00" endTime="2015-04-26T22:50:45.3024110-04:00" testType="13cdc9d9-ddb5-4fa4-a97d-d965ccfc6d4b" outcome="Passed" testListId="8c84fa94-04c1-424b-9868-57a2d4851a1d" relativeResultsDirectory="64f7c9ec-c285-454d-8555-0b785a36044d">
    </UnitTestResult>
    <UnitTestResult executionId="70725f8b-6f0e-470d-bd8c-6ef65dbc582c" testId="cde0597e-b99c-1877-0d2c-e186e7a58e26" testName="WhenPassed1066ReturnsMLXVI" computerName="ROBERTO" duration="00:00:00.0001855" startTime="2015-04-26T22:50:45.3034111-04:00" endTime="2015-04-26T22:50:45.3084114-04:00" testType="13cdc9d9-ddb5-4fa4-a97d-d965ccfc6d4b" outcome="Passed" testListId="8c84fa94-04c1-424b-9868-57a2d4851a1d" relativeResultsDirectory="70725f8b-6f0e-470d-bd8c-6ef65dbc582c">
    </UnitTestResult>
    <UnitTestResult executionId="0c978c71-e68e-4626-8597-cc4ee4781cec" testId="d831c014-5bc2-e7f6-f403-fddfe91eec11" testName="WhenPassed3ReturnsIII" computerName="ROBERTO" duration="00:00:00.0002516" startTime="2015-04-26T22:50:45.3094114-04:00" endTime="2015-04-26T22:50:45.3144117-04:00" testType="13cdc9d9-ddb5-4fa4-a97d-d965ccfc6d4b" outcome="Passed" testListId="8c84fa94-04c1-424b-9868-57a2d4851a1d" relativeResultsDirectory="0c978c71-e68e-4626-8597-cc4ee4781cec">
    </UnitTestResult>
    <UnitTestResult executionId="db55c6ad-02c8-4b16-8943-f510c325173d" testId="d969b015-e498-3309-0ee8-8123b1d34301" testName="WhenPassed1986ReturnsMCMLXXXIX" computerName="ROBERTO" duration="00:00:00.0001970" startTime="2015-04-26T22:50:45.3154118-04:00" endTime="2015-04-26T22:50:45.3194120-04:00" testType="13cdc9d9-ddb5-4fa4-a97d-d965ccfc6d4b" outcome="Passed" testListId="8c84fa94-04c1-424b-9868-57a2d4851a1d" relativeResultsDirectory="db55c6ad-02c8-4b16-8943-f510c325173d">
    </UnitTestResult>
    <UnitTestResult executionId="62bcf7da-82a8-40df-abf2-1deb0d25f16f" testId="f7646a7c-d2cb-0811-9dec-91463d27cae4" testName="WhenPassedMCMLXXXIXReturns1989" computerName="ROBERTO" duration="00:00:00.0018161" startTime="2015-04-26T22:50:45.3204121-04:00" endTime="2015-04-26T22:50:45.3274125-04:00" testType="13cdc9d9-ddb5-4fa4-a97d-d965ccfc6d4b" outcome="Failed" testListId="8c84fa94-04c1-424b-9868-57a2d4851a1d" relativeResultsDirectory="62bcf7da-82a8-40df-abf2-1deb0d25f16f">
      <Output>
        <ErrorInfo>
          <Message>Test method Test.RomanArabicNumeralConverterTests.WhenPassedMCMLXXXIXReturns1989 threw exception: 
Kata.RomanNumeralNotValidExeption: Exception of type 'Kata.RomanNumeralNotValidExeption' was thrown.</Message>
          <StackTrace>    at Kata.RomanArabicNumeralConverter.ConvertRomanToArabic(String romanNumeral) in C:\Users\Yasi\Desktop\Kata\Kata\RomanArabicNumeralConverter.cs:line 82
   at Test.RomanArabicNumeralConverterTests.WhenPassedMCMLXXXIXReturns1989() in C:\Users\Yasi\Desktop\Kata\Test\RomanArabicNumeralConverterTests.cs:line 72
</StackTrace>
        </ErrorInfo>
      </Output>
    </UnitTestResult>
  </Results>
</TestRun>