<?xml version="1.0" encoding="UTF-8"?>
<TestRun id="1199d194-8598-4601-b5e9-a296bee70edf" name="Yasi@ROBERTO 2015-04-26 22:33:36" runUser="Roberto\Yasi" xmlns="http://microsoft.com/schemas/VisualStudio/TeamTest/2010">
  <TestSettings name="Local" id="02a0cb3c-6283-4650-85cb-2bd4791474de">
    <Description>These are default test settings for a local test run.</Description>
    <Deployment enabled="false" runDeploymentRoot="Yasi_ROBERTO 2015-04-26 22_33_36">
      <DeploymentItem filename="C:\Users\Yasi\Desktop\Kata\Kata\bin\Debug\Kata.exe" />
    </Deployment>
    <Execution>
      <TestTypeSpecific />
      <AgentRule name="Execution Agents">
      </AgentRule>
    </Execution>
  </TestSettings>
  <Times creation="2015-04-26T22:33:36.9265913-04:00" queuing="2015-04-26T22:33:36.9375919-04:00" start="2015-04-26T22:33:36.9495926-04:00" finish="2015-04-26T22:33:37.2206081-04:00" />
  <ResultSummary outcome="Failed">
    <Counters total="10" executed="10" passed="8" error="0" failed="2" timeout="0" aborted="0" inconclusive="0" passedButRunAborted="0" notRunnable="0" notExecuted="0" disconnected="0" warning="0" completed="0" inProgress="0" pending="0" />
  </ResultSummary>
  <TestDefinitions>
    <UnitTest name="WhenPassedIXReturns9" storage="c:\users\yasi\desktop\kata\test\bin\debug\test.dll" id="05609b60-72dd-d96b-e66f-f2d0dfafe5be">
      <Execution id="ca56c35f-ef1f-49df-8270-1bc3ce57c58e" />
      <TestMethod codeBase="C:/Users/Yasi/Desktop/Kata/Test/bin/Debug/Test.DLL" adapterTypeName="Microsoft.VisualStudio.TestTools.TestTypes.Unit.UnitTestAdapter, Microsoft.VisualStudio.QualityTools.Tips.UnitTest.Adapter, Version=10.0.0.0, Culture=neutral, PublicKeyToken=b03f5f7f11d50a3a" className="Test.RomanArabicNumeralConverterTests, Test, Version=1.0.0.0, Culture=neutral, PublicKeyToken=null" name="WhenPassedIXReturns9" />
    </UnitTest>
    <UnitTest name="WhenPassedMCMLXXXIXReturns1989" storage="c:\users\yasi\desktop\kata\test\bin\debug\test.dll" id="f7646a7c-d2cb-0811-9dec-91463d27cae4">
      <Execution id="91e068a8-cd5e-4cea-941f-81c13fac5dd7" />
      <TestMethod codeBase="C:/Users/Yasi/Desktop/Kata/Test/bin/Debug/Test.DLL" adapterTypeName="Microsoft.VisualStudio.TestTools.TestTypes.Unit.UnitTestAdapter, Microsoft.VisualStudio.QualityTools.Tips.UnitTest.Adapter, Version=10.0.0.0, Culture=neutral, PublicKeyToken=b03f5f7f11d50a3a" className="Test.RomanArabicNumeralConverterTests, Test, Version=1.0.0.0, Culture=neutral, PublicKeyToken=null" name="WhenPassedMCMLXXXIXReturns1989" />
    </UnitTest>
    <UnitTest name="WhenPassed1ReturnsI" storage="c:\users\yasi\desktop\kata\test\bin\debug\test.dll" id="02d580d6-15be-9c3c-fccc-917eb22e85a1">
      <Execution id="bcd0b197-98f1-443f-882d-44b5c8b00e33" />
      <TestMethod codeBase="C:/Users/Yasi/Desktop/Kata/Test/bin/Debug/Test.DLL" adapterTypeName="Microsoft.VisualStudio.TestTools.TestTypes.Unit.UnitTestAdapter, Microsoft.VisualStudio.QualityTools.Tips.UnitTest.Adapter, Version=10.0.0.0, Culture=neutral, PublicKeyToken=b03f5f7f11d50a3a" className="Test.RomanArabicNumeralConverterTests, Test, Version=1.0.0.0, Culture=neutral, PublicKeyToken=null" name="WhenPassed1ReturnsI" />
    </UnitTest>
    <UnitTest name="WhenPassed9ReturnsIX" storage="c:\users\yasi\desktop\kata\test\bin\debug\test.dll" id="8640c846-6856-32ac-8488-39befd2989e3">
      <Execution id="ef5d9805-a65f-4748-a00b-8c492cdc47e8" />
      <TestMethod codeBase="C:/Users/Yasi/Desktop/Kata/Test/bin/Debug/Test.DLL" adapterTypeName="Microsoft.VisualStudio.TestTools.TestTypes.Unit.UnitTestAdapter, Microsoft.VisualStudio.QualityTools.Tips.UnitTest.Adapter, Version=10.0.0.0, Culture=neutral, PublicKeyToken=b03f5f7f11d50a3a" className="Test.RomanArabicNumeralConverterTests, Test, Version=1.0.0.0, Culture=neutral, PublicKeyToken=null" name="WhenPassed9ReturnsIX" />
    </UnitTest>
    <UnitTest name="WhenPassedIReturns1" storage="c:\users\yasi\desktop\kata\test\bin\debug\test.dll" id="02e15bbb-90c5-dd89-5a33-f944f7bc7758">
      <Execution id="c383cb8a-a1b7-4bd8-99be-2c88178f5020" />
      <TestMethod codeBase="C:/Users/Yasi/Desktop/Kata/Test/bin/Debug/Test.DLL" adapterTypeName="Microsoft.VisualStudio.TestTools.TestTypes.Unit.UnitTestAdapter, Microsoft.VisualStudio.QualityTools.Tips.UnitTest.Adapter, Version=10.0.0.0, Culture=neutral, PublicKeyToken=b03f5f7f11d50a3a" className="Test.RomanArabicNumeralConverterTests, Test, Version=1.0.0.0, Culture=neutral, PublicKeyToken=null" name="WhenPassedIReturns1" />
    </UnitTest>
    <UnitTest name="WhenPassed3ReturnsIII" storage="c:\users\yasi\desktop\kata\test\bin\debug\test.dll" id="d831c014-5bc2-e7f6-f403-fddfe91eec11">
      <Execution id="3e575c36-2863-4634-b100-fa4e5a4f70bf" />
      <TestMethod codeBase="C:/Users/Yasi/Desktop/Kata/Test/bin/Debug/Test.DLL" adapterTypeName="Microsoft.VisualStudio.TestTools.TestTypes.Unit.UnitTestAdapter, Microsoft.VisualStudio.QualityTools.Tips.UnitTest.Adapter, Version=10.0.0.0, Culture=neutral, PublicKeyToken=b03f5f7f11d50a3a" className="Test.RomanArabicNumeralConverterTests, Test, Version=1.0.0.0, Culture=neutral, PublicKeyToken=null" name="WhenPassed3ReturnsIII" />
    </UnitTest>
    <UnitTest name="WhenPassed1986ReturnsMCMLXXXIX" storage="c:\users\yasi\desktop\kata\test\bin\debug\test.dll" id="d969b015-e498-3309-0ee8-8123b1d34301">
      <Execution id="aed60c97-2b21-4d58-913d-62925384506b" />
      <TestMethod codeBase="C:/Users/Yasi/Desktop/Kata/Test/bin/Debug/Test.DLL" adapterTypeName="Microsoft.VisualStudio.TestTools.TestTypes.Unit.UnitTestAdapter, Microsoft.VisualStudio.QualityTools.Tips.UnitTest.Adapter, Version=10.0.0.0, Culture=neutral, PublicKeyToken=b03f5f7f11d50a3a" className="Test.RomanArabicNumeralConverterTests, Test, Version=1.0.0.0, Culture=neutral, PublicKeyToken=null" name="WhenPassed1986ReturnsMCMLXXXIX" />
    </UnitTest>
    <UnitTest name="WhenPassedMLXVIReturns1066" storage="c:\users\yasi\desktop\kata\test\bin\debug\test.dll" id="1252244a-3fe2-65c7-7ad2-9f13c19cb34f">
      <Execution id="913cd706-4acc-48e9-b197-f96e07a38b00" />
      <TestMethod codeBase="C:/Users/Yasi/Desktop/Kata/Test/bin/Debug/Test.DLL" adapterTypeName="Microsoft.VisualStudio.TestTools.TestTypes.Unit.UnitTestAdapter, Microsoft.VisualStudio.QualityTools.Tips.UnitTest.Adapter, Version=10.0.0.0, Culture=neutral, PublicKeyToken=b03f5f7f11d50a3a" className="Test.RomanArabicNumeralConverterTests, Test, Version=1.0.0.0, Culture=neutral, PublicKeyToken=null" name="WhenPassedMLXVIReturns1066" />
    </UnitTest>
    <UnitTest name="WhenPassed1066ReturnsMLXVI" storage="c:\users\yasi\desktop\kata\test\bin\debug\test.dll" id="cde0597e-b99c-1877-0d2c-e186e7a58e26">
      <Execution id="8b0047e1-8f42-4b80-934f-4c15de6fb019" />
      <TestMethod codeBase="C:/Users/Yasi/Desktop/Kata/Test/bin/Debug/Test.DLL" adapterTypeName="Microsoft.VisualStudio.TestTools.TestTypes.Unit.UnitTestAdapter, Microsoft.VisualStudio.QualityTools.Tips.UnitTest.Adapter, Version=10.0.0.0, Culture=neutral, PublicKeyToken=b03f5f7f11d50a3a" className="Test.RomanArabicNumeralConverterTests, Test, Version=1.0.0.0, Culture=neutral, PublicKeyToken=null" name="WhenPassed1066ReturnsMLXVI" />
    </UnitTest>
    <UnitTest name="WhenPassedIIIReturns3" storage="c:\users\yasi\desktop\kata\test\bin\debug\test.dll" id="011686d5-b5a8-2b1c-c412-10b0bbda3ce2">
      <Execution id="01b5b528-3dff-4208-a0c7-f4c693a7ac7e" />
      <TestMethod codeBase="C:/Users/Yasi/Desktop/Kata/Test/bin/Debug/Test.DLL" adapterTypeName="Microsoft.VisualStudio.TestTools.TestTypes.Unit.UnitTestAdapter, Microsoft.VisualStudio.QualityTools.Tips.UnitTest.Adapter, Version=10.0.0.0, Culture=neutral, PublicKeyToken=b03f5f7f11d50a3a" className="Test.RomanArabicNumeralConverterTests, Test, Version=1.0.0.0, Culture=neutral, PublicKeyToken=null" name="WhenPassedIIIReturns3" />
    </UnitTest>
  </TestDefinitions>
  <TestLists>
    <TestList name="Results Not in a List" id="8c84fa94-04c1-424b-9868-57a2d4851a1d" />
    <TestList name="All Loaded Results" id="19431567-8539-422a-85d7-44ee4e166bda" />
  </TestLists>
  <TestEntries>
    <TestEntry testId="011686d5-b5a8-2b1c-c412-10b0bbda3ce2" executionId="01b5b528-3dff-4208-a0c7-f4c693a7ac7e" testListId="8c84fa94-04c1-424b-9868-57a2d4851a1d" />
    <TestEntry testId="02d580d6-15be-9c3c-fccc-917eb22e85a1" executionId="bcd0b197-98f1-443f-882d-44b5c8b00e33" testListId="8c84fa94-04c1-424b-9868-57a2d4851a1d" />
    <TestEntry testId="02e15bbb-90c5-dd89-5a33-f944f7bc7758" executionId="c383cb8a-a1b7-4bd8-99be-2c88178f5020" testListId="8c84fa94-04c1-424b-9868-57a2d4851a1d" />
    <TestEntry testId="05609b60-72dd-d96b-e66f-f2d0dfafe5be" executionId="ca56c35f-ef1f-49df-8270-1bc3ce57c58e" testListId="8c84fa94-04c1-424b-9868-57a2d4851a1d" />
    <TestEntry testId="1252244a-3fe2-65c7-7ad2-9f13c19cb34f" executionId="913cd706-4acc-48e9-b197-f96e07a38b00" testListId="8c84fa94-04c1-424b-9868-57a2d4851a1d" />
    <TestEntry testId="8640c846-6856-32ac-8488-39befd2989e3" executionId="ef5d9805-a65f-4748-a00b-8c492cdc47e8" testListId="8c84fa94-04c1-424b-9868-57a2d4851a1d" />
    <TestEntry testId="cde0597e-b99c-1877-0d2c-e186e7a58e26" executionId="8b0047e1-8f42-4b80-934f-4c15de6fb019" testListId="8c84fa94-04c1-424b-9868-57a2d4851a1d" />
    <TestEntry testId="d831c014-5bc2-e7f6-f403-fddfe91eec11" executionId="3e575c36-2863-4634-b100-fa4e5a4f70bf" testListId="8c84fa94-04c1-424b-9868-57a2d4851a1d" />
    <TestEntry testId="d969b015-e498-3309-0ee8-8123b1d34301" executionId="aed60c97-2b21-4d58-913d-62925384506b" testListId="8c84fa94-04c1-424b-9868-57a2d4851a1d" />
    <TestEntry testId="f7646a7c-d2cb-0811-9dec-91463d27cae4" executionId="91e068a8-cd5e-4cea-941f-81c13fac5dd7" testListId="8c84fa94-04c1-424b-9868-57a2d4851a1d" />
  </TestEntries>
  <Results>
    <UnitTestResult executionId="01b5b528-3dff-4208-a0c7-f4c693a7ac7e" testId="011686d5-b5a8-2b1c-c412-10b0bbda3ce2" testName="WhenPassedIIIReturns3" computerName="ROBERTO" duration="00:00:00.0173255" startTime="2015-04-26T22:33:36.9625934-04:00" endTime="2015-04-26T22:33:37.1386034-04:00" testType="13cdc9d9-ddb5-4fa4-a97d-d965ccfc6d4b" outcome="Passed" testListId="8c84fa94-04c1-424b-9868-57a2d4851a1d" relativeResultsDirectory="01b5b528-3dff-4208-a0c7-f4c693a7ac7e">
    </UnitTestResult>
    <UnitTestResult executionId="bcd0b197-98f1-443f-882d-44b5c8b00e33" testId="02d580d6-15be-9c3c-fccc-917eb22e85a1" testName="WhenPassed1ReturnsI" computerName="ROBERTO" duration="00:00:00.0007036" startTime="2015-04-26T22:33:37.1416036-04:00" endTime="2015-04-26T22:33:37.1466039-04:00" testType="13cdc9d9-ddb5-4fa4-a97d-d965ccfc6d4b" outcome="Passed" testListId="8c84fa94-04c1-424b-9868-57a2d4851a1d" relativeResultsDirectory="bcd0b197-98f1-443f-882d-44b5c8b00e33">
    </UnitTestResult>
    <UnitTestResult executionId="c383cb8a-a1b7-4bd8-99be-2c88178f5020" testId="02e15bbb-90c5-dd89-5a33-f944f7bc7758" testName="WhenPassedIReturns1" computerName="ROBERTO" duration="00:00:00.0001851" startTime="2015-04-26T22:33:37.1496041-04:00" endTime="2015-04-26T22:33:37.1546043-04:00" testType="13cdc9d9-ddb5-4fa4-a97d-d965ccfc6d4b" outcome="Passed" testListId="8c84fa94-04c1-424b-9868-57a2d4851a1d" relativeResultsDirectory="c383cb8a-a1b7-4bd8-99be-2c88178f5020">
    </UnitTestResult>
    <UnitTestResult executionId="ca56c35f-ef1f-49df-8270-1bc3ce57c58e" testId="05609b60-72dd-d96b-e66f-f2d0dfafe5be" testName="WhenPassedIXReturns9" computerName="ROBERTO" duration="00:00:00.0002056" startTime="2015-04-26T22:33:37.1556044-04:00" endTime="2015-04-26T22:33:37.1606047-04:00" testType="13cdc9d9-ddb5-4fa4-a97d-d965ccfc6d4b" outcome="Passed" testListId="8c84fa94-04c1-424b-9868-57a2d4851a1d" relativeResultsDirectory="ca56c35f-ef1f-49df-8270-1bc3ce57c58e">
    </UnitTestResult>
    <UnitTestResult executionId="913cd706-4acc-48e9-b197-f96e07a38b00" testId="1252244a-3fe2-65c7-7ad2-9f13c19cb34f" testName="WhenPassedMLXVIReturns1066" computerName="ROBERTO" duration="00:00:00.0001949" startTime="2015-04-26T22:33:37.1616047-04:00" endTime="2015-04-26T22:33:37.1656050-04:00" testType="13cdc9d9-ddb5-4fa4-a97d-d965ccfc6d4b" outcome="Passed" testListId="8c84fa94-04c1-424b-9868-57a2d4851a1d" relativeResultsDirectory="913cd706-4acc-48e9-b197-f96e07a38b00">
    </UnitTestResult>
    <UnitTestResult executionId="ef5d9805-a65f-4748-a00b-8c492cdc47e8" testId="8640c846-6856-32ac-8488-39befd2989e3" testName="WhenPassed9ReturnsIX" computerName="ROBERTO" duration="00:00:00.0145286" startTime="2015-04-26T22:33:37.1666050-04:00" endTime="2015-04-26T22:33:37.1856061-04:00" testType="13cdc9d9-ddb5-4fa4-a97d-d965ccfc6d4b" outcome="Failed" testListId="8c84fa94-04c1-424b-9868-57a2d4851a1d" relativeResultsDirectory="ef5d9805-a65f-4748-a00b-8c492cdc47e8">
      <Output>
        <ErrorInfo>
          <Message>Assert.AreEqual failed. Expected:&lt;IX&gt;. Actual:&lt;161&gt;. </Message>
          <StackTrace>   at Test.RomanArabicNumeralConverterTests.WhenPassed9ReturnsIX() in C:\Users\Yasi\Desktop\Kata\Test\RomanArabicNumeralConverterTests.cs:line 30
</StackTrace>
        </ErrorInfo>
      </Output>
    </UnitTestResult>
    <UnitTestResult executionId="8b0047e1-8f42-4b80-934f-4c15de6fb019" testId="cde0597e-b99c-1877-0d2c-e186e7a58e26" testName="WhenPassed1066ReturnsMLXVI" computerName="ROBERTO" duration="00:00:00.0002245" startTime="2015-04-26T22:33:37.1866062-04:00" endTime="2015-04-26T22:33:37.1916065-04:00" testType="13cdc9d9-ddb5-4fa4-a97d-d965ccfc6d4b" outcome="Passed" testListId="8c84fa94-04c1-424b-9868-57a2d4851a1d" relativeResultsDirectory="8b0047e1-8f42-4b80-934f-4c15de6fb019">
    </UnitTestResult>
    <UnitTestResult executionId="3e575c36-2863-4634-b100-fa4e5a4f70bf" testId="d831c014-5bc2-e7f6-f403-fddfe91eec11" testName="WhenPassed3ReturnsIII" computerName="ROBERTO" duration="00:00:00.0001945" startTime="2015-04-26T22:33:37.1926065-04:00" endTime="2015-04-26T22:33:37.1966067-04:00" testType="13cdc9d9-ddb5-4fa4-a97d-d965ccfc6d4b" outcome="Passed" testListId="8c84fa94-04c1-424b-9868-57a2d4851a1d" relativeResultsDirectory="3e575c36-2863-4634-b100-fa4e5a4f70bf">
    </UnitTestResult>
    <UnitTestResult executionId="aed60c97-2b21-4d58-913d-62925384506b" testId="d969b015-e498-3309-0ee8-8123b1d34301" testName="WhenPassed1986ReturnsMCMLXXXIX" computerName="ROBERTO" duration="00:00:00.0019680" startTime="2015-04-26T22:33:37.1976068-04:00" endTime="2015-04-26T22:33:37.2046072-04:00" testType="13cdc9d9-ddb5-4fa4-a97d-d965ccfc6d4b" outcome="Failed" testListId="8c84fa94-04c1-424b-9868-57a2d4851a1d" relativeResultsDirectory="aed60c97-2b21-4d58-913d-62925384506b">
      <Output>
        <ErrorInfo>
          <Message>Assert.AreEqual failed. Expected:&lt;MCMLXXXIX&gt;. Actual:&lt;M144LXXX161&gt;. </Message>
          <StackTrace>   at Test.RomanArabicNumeralConverterTests.WhenPassed1986ReturnsMCMLXXXIX() in C:\Users\Yasi\Desktop\Kata\Test\RomanArabicNumeralConverterTests.cs:line 42
</StackTrace>
        </ErrorInfo>
      </Output>
    </UnitTestResult>
    <UnitTestResult executionId="91e068a8-cd5e-4cea-941f-81c13fac5dd7" testId="f7646a7c-d2cb-0811-9dec-91463d27cae4" testName="WhenPassedMCMLXXXIXReturns1989" computerName="ROBERTO" duration="00:00:00.0001867" startTime="2015-04-26T22:33:37.2056073-04:00" endTime="2015-04-26T22:33:37.2106075-04:00" testType="13cdc9d9-ddb5-4fa4-a97d-d965ccfc6d4b" outcome="Passed" testListId="8c84fa94-04c1-424b-9868-57a2d4851a1d" relativeResultsDirectory="91e068a8-cd5e-4cea-941f-81c13fac5dd7">
    </UnitTestResult>
  </Results>
</TestRun>