<?xml version="1.0" encoding="UTF-8"?>
<TestRun id="ced7bd78-f98e-4f47-b939-1469bbcae231" name="Yasi@ROBERTO 2015-04-26 22:50:05" runUser="Roberto\Yasi" xmlns="http://microsoft.com/schemas/VisualStudio/TeamTest/2010">
  <TestSettings name="Local" id="02a0cb3c-6283-4650-85cb-2bd4791474de">
    <Description>These are default test settings for a local test run.</Description>
    <Deployment enabled="false" runDeploymentRoot="Yasi_ROBERTO 2015-04-26 22_50_05">
      <DeploymentItem filename="C:\Users\Yasi\Desktop\Kata\Kata\bin\Debug\Kata.exe" />
    </Deployment>
    <Execution>
      <TestTypeSpecific />
      <AgentRule name="Execution Agents">
      </AgentRule>
    </Execution>
  </TestSettings>
  <Times creation="2015-04-26T22:50:05.8061520-04:00" queuing="2015-04-26T22:50:05.8261531-04:00" start="2015-04-26T22:50:05.8501545-04:00" finish="2015-04-26T22:50:06.1891739-04:00" />
  <ResultSummary outcome="Failed">
    <Counters total="16" executed="16" passed="11" error="0" failed="5" timeout="0" aborted="0" inconclusive="0" passedButRunAborted="0" notRunnable="0" notExecuted="0" disconnected="0" warning="0" completed="0" inProgress="0" pending="0" />
  </ResultSummary>
  <TestDefinitions>
    <UnitTest name="WhenPassedIXReturns9" storage="c:\users\yasi\desktop\kata\test\bin\debug\test.dll" id="05609b60-72dd-d96b-e66f-f2d0dfafe5be">
      <Execution id="1fa5c38c-b4b9-4f92-bba8-0be2ecaea12d" />
      <TestMethod codeBase="C:/Users/Yasi/Desktop/Kata/Test/bin/Debug/Test.DLL" adapterTypeName="Microsoft.VisualStudio.TestTools.TestTypes.Unit.UnitTestAdapter, Microsoft.VisualStudio.QualityTools.Tips.UnitTest.Adapter, Version=10.0.0.0, Culture=neutral, PublicKeyToken=b03f5f7f11d50a3a" className="Test.RomanArabicNumeralConverterTests, Test, Version=1.0.0.0, Culture=neutral, PublicKeyToken=null" name="WhenPassedIXReturns9" />
    </UnitTest>
    <UnitTest name="WhenPassed9ReturnsIX" storage="c:\users\yasi\desktop\kata\test\bin\debug\test.dll" id="8640c846-6856-32ac-8488-39befd2989e3">
      <Execution id="35d1681b-0dc6-47f6-9ca1-c2d450211ba0" />
      <TestMethod codeBase="C:/Users/Yasi/Desktop/Kata/Test/bin/Debug/Test.DLL" adapterTypeName="Microsoft.VisualStudio.TestTools.TestTypes.Unit.UnitTestAdapter, Microsoft.VisualStudio.QualityTools.Tips.UnitTest.Adapter, Version=10.0.0.0, Culture=neutral, PublicKeyToken=b03f5f7f11d50a3a" className="Test.RomanArabicNumeralConverterTests, Test, Version=1.0.0.0, Culture=neutral, PublicKeyToken=null" name="WhenPassed9ReturnsIX" />
    </UnitTest>
    <UnitTest name="WhenPassedZeroThrowsExpection" storage="c:\users\yasi\desktop\kata\test\bin\debug\test.dll" id="0947d309-4b18-4842-ceee-a16c92cd687f">
      <Execution id="4c88b56f-8928-4998-9ef9-1c1f114949ec" />
      <TestMethod codeBase="C:/Users/Yasi/Desktop/Kata/Test/bin/Debug/Test.DLL" adapterTypeName="Microsoft.VisualStudio.TestTools.TestTypes.Unit.UnitTestAdapter, Microsoft.VisualStudio.QualityTools.Tips.UnitTest.Adapter, Version=10.0.0.0, Culture=neutral, PublicKeyToken=b03f5f7f11d50a3a" className="Test.RomanArabicNumeralConverterTests, Test, Version=1.0.0.0, Culture=neutral, PublicKeyToken=null" name="WhenPassedZeroThrowsExpection" />
    </UnitTest>
    <UnitTest name="WhenPassedIReturns1" storage="c:\users\yasi\desktop\kata\test\bin\debug\test.dll" id="02e15bbb-90c5-dd89-5a33-f944f7bc7758">
      <Execution id="0cc2fc33-a087-409e-91a0-2521c550b544" />
      <TestMethod codeBase="C:/Users/Yasi/Desktop/Kata/Test/bin/Debug/Test.DLL" adapterTypeName="Microsoft.VisualStudio.TestTools.TestTypes.Unit.UnitTestAdapter, Microsoft.VisualStudio.QualityTools.Tips.UnitTest.Adapter, Version=10.0.0.0, Culture=neutral, PublicKeyToken=b03f5f7f11d50a3a" className="Test.RomanArabicNumeralConverterTests, Test, Version=1.0.0.0, Culture=neutral, PublicKeyToken=null" name="WhenPassedIReturns1" />
    </UnitTest>
    <UnitTest name="WhenPassedRomanNumeralWithTooManyRepeatingValuesThrowsExection" storage="c:\users\yasi\desktop\kata\test\bin\debug\test.dll" id="1f9c30dd-604b-511a-744b-fc676edddff3">
      <Execution id="8ee0d2e6-badb-409e-9490-bc7ba0cf070c" />
      <TestMethod codeBase="C:/Users/Yasi/Desktop/Kata/Test/bin/Debug/Test.DLL" adapterTypeName="Microsoft.VisualStudio.TestTools.TestTypes.Unit.UnitTestAdapter, Microsoft.VisualStudio.QualityTools.Tips.UnitTest.Adapter, Version=10.0.0.0, Culture=neutral, PublicKeyToken=b03f5f7f11d50a3a" className="Test.RomanArabicNumeralConverterTests, Test, Version=1.0.0.0, Culture=neutral, PublicKeyToken=null" name="WhenPassedRomanNumeralWithTooManyRepeatingValuesThrowsExection" />
    </UnitTest>
    <UnitTest name="WhenPassedInvalidCharactersThrowsExpection" storage="c:\users\yasi\desktop\kata\test\bin\debug\test.dll" id="40da96bf-8511-090f-4358-5e6a2fb850af">
      <Execution id="eb3e12db-aa90-4a18-bc76-b1495d5e6d13" />
      <TestMethod codeBase="C:/Users/Yasi/Desktop/Kata/Test/bin/Debug/Test.DLL" adapterTypeName="Microsoft.VisualStudio.TestTools.TestTypes.Unit.UnitTestAdapter, Microsoft.VisualStudio.QualityTools.Tips.UnitTest.Adapter, Version=10.0.0.0, Culture=neutral, PublicKeyToken=b03f5f7f11d50a3a" className="Test.RomanArabicNumeralConverterTests, Test, Version=1.0.0.0, Culture=neutral, PublicKeyToken=null" name="WhenPassedInvalidCharactersThrowsExpection" />
    </UnitTest>
    <UnitTest name="WhenPassed3ReturnsIII" storage="c:\users\yasi\desktop\kata\test\bin\debug\test.dll" id="d831c014-5bc2-e7f6-f403-fddfe91eec11">
      <Execution id="03bb3702-5147-45eb-9316-12d4609d1b2a" />
      <TestMethod codeBase="C:/Users/Yasi/Desktop/Kata/Test/bin/Debug/Test.DLL" adapterTypeName="Microsoft.VisualStudio.TestTools.TestTypes.Unit.UnitTestAdapter, Microsoft.VisualStudio.QualityTools.Tips.UnitTest.Adapter, Version=10.0.0.0, Culture=neutral, PublicKeyToken=b03f5f7f11d50a3a" className="Test.RomanArabicNumeralConverterTests, Test, Version=1.0.0.0, Culture=neutral, PublicKeyToken=null" name="WhenPassed3ReturnsIII" />
    </UnitTest>
    <UnitTest name="WhenPassedRomanNumeralWronglyOrderedLettersThrowsExpection" storage="c:\users\yasi\desktop\kata\test\bin\debug\test.dll" id="071f8ee4-dc4b-d829-9b11-e35f88745432">
      <Execution id="373a90ad-9abd-4d86-a33b-3fdef53684b6" />
      <TestMethod codeBase="C:/Users/Yasi/Desktop/Kata/Test/bin/Debug/Test.DLL" adapterTypeName="Microsoft.VisualStudio.TestTools.TestTypes.Unit.UnitTestAdapter, Microsoft.VisualStudio.QualityTools.Tips.UnitTest.Adapter, Version=10.0.0.0, Culture=neutral, PublicKeyToken=b03f5f7f11d50a3a" className="Test.RomanArabicNumeralConverterTests, Test, Version=1.0.0.0, Culture=neutral, PublicKeyToken=null" name="WhenPassedRomanNumeralWronglyOrderedLettersThrowsExpection" />
    </UnitTest>
    <UnitTest name="WhenPassed1ReturnsI" storage="c:\users\yasi\desktop\kata\test\bin\debug\test.dll" id="02d580d6-15be-9c3c-fccc-917eb22e85a1">
      <Execution id="58d5e469-3f83-4ead-ac2b-84c66e63a5c8" />
      <TestMethod codeBase="C:/Users/Yasi/Desktop/Kata/Test/bin/Debug/Test.DLL" adapterTypeName="Microsoft.VisualStudio.TestTools.TestTypes.Unit.UnitTestAdapter, Microsoft.VisualStudio.QualityTools.Tips.UnitTest.Adapter, Version=10.0.0.0, Culture=neutral, PublicKeyToken=b03f5f7f11d50a3a" className="Test.RomanArabicNumeralConverterTests, Test, Version=1.0.0.0, Culture=neutral, PublicKeyToken=null" name="WhenPassed1ReturnsI" />
    </UnitTest>
    <UnitTest name="WhenPassedMCMLXXXIXReturns1989" storage="c:\users\yasi\desktop\kata\test\bin\debug\test.dll" id="f7646a7c-d2cb-0811-9dec-91463d27cae4">
      <Execution id="d0dd9d30-74e5-4b8d-888e-bf4ae4ff2a7b" />
      <TestMethod codeBase="C:/Users/Yasi/Desktop/Kata/Test/bin/Debug/Test.DLL" adapterTypeName="Microsoft.VisualStudio.TestTools.TestTypes.Unit.UnitTestAdapter, Microsoft.VisualStudio.QualityTools.Tips.UnitTest.Adapter, Version=10.0.0.0, Culture=neutral, PublicKeyToken=b03f5f7f11d50a3a" className="Test.RomanArabicNumeralConverterTests, Test, Version=1.0.0.0, Culture=neutral, PublicKeyToken=null" name="WhenPassedMCMLXXXIXReturns1989" />
    </UnitTest>
    <UnitTest name="WhenPassedRomanNumeralWithRepetingFivesThrowsExpection" storage="c:\users\yasi\desktop\kata\test\bin\debug\test.dll" id="3b5c73aa-2321-9876-c72d-8d128b3afa8a">
      <Execution id="fe0f42dc-d67b-43bc-8ac5-dea3ebb033eb" />
      <TestMethod codeBase="C:/Users/Yasi/Desktop/Kata/Test/bin/Debug/Test.DLL" adapterTypeName="Microsoft.VisualStudio.TestTools.TestTypes.Unit.UnitTestAdapter, Microsoft.VisualStudio.QualityTools.Tips.UnitTest.Adapter, Version=10.0.0.0, Culture=neutral, PublicKeyToken=b03f5f7f11d50a3a" className="Test.RomanArabicNumeralConverterTests, Test, Version=1.0.0.0, Culture=neutral, PublicKeyToken=null" name="WhenPassedRomanNumeralWithRepetingFivesThrowsExpection" />
    </UnitTest>
    <UnitTest name="WhenPassedMLXVIReturns1066" storage="c:\users\yasi\desktop\kata\test\bin\debug\test.dll" id="1252244a-3fe2-65c7-7ad2-9f13c19cb34f">
      <Execution id="f70e57db-2296-4954-a5de-05b984ffef1e" />
      <TestMethod codeBase="C:/Users/Yasi/Desktop/Kata/Test/bin/Debug/Test.DLL" adapterTypeName="Microsoft.VisualStudio.TestTools.TestTypes.Unit.UnitTestAdapter, Microsoft.VisualStudio.QualityTools.Tips.UnitTest.Adapter, Version=10.0.0.0, Culture=neutral, PublicKeyToken=b03f5f7f11d50a3a" className="Test.RomanArabicNumeralConverterTests, Test, Version=1.0.0.0, Culture=neutral, PublicKeyToken=null" name="WhenPassedMLXVIReturns1066" />
    </UnitTest>
    <UnitTest name="WhenPassed1066ReturnsMLXVI" storage="c:\users\yasi\desktop\kata\test\bin\debug\test.dll" id="cde0597e-b99c-1877-0d2c-e186e7a58e26">
      <Execution id="9d969d28-317f-447f-a423-75c7e8d4e648" />
      <TestMethod codeBase="C:/Users/Yasi/Desktop/Kata/Test/bin/Debug/Test.DLL" adapterTypeName="Microsoft.VisualStudio.TestTools.TestTypes.Unit.UnitTestAdapter, Microsoft.VisualStudio.QualityTools.Tips.UnitTest.Adapter, Version=10.0.0.0, Culture=neutral, PublicKeyToken=b03f5f7f11d50a3a" className="Test.RomanArabicNumeralConverterTests, Test, Version=1.0.0.0, Culture=neutral, PublicKeyToken=null" name="WhenPassed1066ReturnsMLXVI" />
    </UnitTest>
    <UnitTest name="WhenPassedIIIReturns3" storage="c:\users\yasi\desktop\kata\test\bin\debug\test.dll" id="011686d5-b5a8-2b1c-c412-10b0bbda3ce2">
      <Execution id="af3a5478-3aa3-482e-b9c1-b79c73487ed5" />
      <TestMethod codeBase="C:/Users/Yasi/Desktop/Kata/Test/bin/Debug/Test.DLL" adapterTypeName="Microsoft.VisualStudio.TestTools.TestTypes.Unit.UnitTestAdapter, Microsoft.VisualStudio.QualityTools.Tips.UnitTest.Adapter, Version=10.0.0.0, Culture=neutral, PublicKeyToken=b03f5f7f11d50a3a" className="Test.RomanArabicNumeralConverterTests, Test, Version=1.0.0.0, Culture=neutral, PublicKeyToken=null" name="WhenPassedIIIReturns3" />
    </UnitTest>
    <UnitTest name="WhenPassedNegativeNumeralThrowsExpection" storage="c:\users\yasi\desktop\kata\test\bin\debug\test.dll" id="bf8c049f-0c32-6f9c-f5cb-f469f11b50c7">
      <Execution id="e17989a4-4128-4920-b4b6-9572226461da" />
      <TestMethod codeBase="C:/Users/Yasi/Desktop/Kata/Test/bin/Debug/Test.DLL" adapterTypeName="Microsoft.VisualStudio.TestTools.TestTypes.Unit.UnitTestAdapter, Microsoft.VisualStudio.QualityTools.Tips.UnitTest.Adapter, Version=10.0.0.0, Culture=neutral, PublicKeyToken=b03f5f7f11d50a3a" className="Test.RomanArabicNumeralConverterTests, Test, Version=1.0.0.0, Culture=neutral, PublicKeyToken=null" name="WhenPassedNegativeNumeralThrowsExpection" />
    </UnitTest>
    <UnitTest name="WhenPassed1986ReturnsMCMLXXXIX" storage="c:\users\yasi\desktop\kata\test\bin\debug\test.dll" id="d969b015-e498-3309-0ee8-8123b1d34301">
      <Execution id="e51653c6-681b-49ff-a510-a1e245ad7a8b" />
      <TestMethod codeBase="C:/Users/Yasi/Desktop/Kata/Test/bin/Debug/Test.DLL" adapterTypeName="Microsoft.VisualStudio.TestTools.TestTypes.Unit.UnitTestAdapter, Microsoft.VisualStudio.QualityTools.Tips.UnitTest.Adapter, Version=10.0.0.0, Culture=neutral, PublicKeyToken=b03f5f7f11d50a3a" className="Test.RomanArabicNumeralConverterTests, Test, Version=1.0.0.0, Culture=neutral, PublicKeyToken=null" name="WhenPassed1986ReturnsMCMLXXXIX" />
    </UnitTest>
  </TestDefinitions>
  <TestLists>
    <TestList name="Results Not in a List" id="8c84fa94-04c1-424b-9868-57a2d4851a1d" />
    <TestList name="All Loaded Results" id="19431567-8539-422a-85d7-44ee4e166bda" />
  </TestLists>
  <TestEntries>
    <TestEntry testId="011686d5-b5a8-2b1c-c412-10b0bbda3ce2" executionId="af3a5478-3aa3-482e-b9c1-b79c73487ed5" testListId="8c84fa94-04c1-424b-9868-57a2d4851a1d" />
    <TestEntry testId="02d580d6-15be-9c3c-fccc-917eb22e85a1" executionId="58d5e469-3f83-4ead-ac2b-84c66e63a5c8" testListId="8c84fa94-04c1-424b-9868-57a2d4851a1d" />
    <TestEntry testId="02e15bbb-90c5-dd89-5a33-f944f7bc7758" executionId="0cc2fc33-a087-409e-91a0-2521c550b544" testListId="8c84fa94-04c1-424b-9868-57a2d4851a1d" />
    <TestEntry testId="05609b60-72dd-d96b-e66f-f2d0dfafe5be" executionId="1fa5c38c-b4b9-4f92-bba8-0be2ecaea12d" testListId="8c84fa94-04c1-424b-9868-57a2d4851a1d" />
    <TestEntry testId="071f8ee4-dc4b-d829-9b11-e35f88745432" executionId="373a90ad-9abd-4d86-a33b-3fdef53684b6" testListId="8c84fa94-04c1-424b-9868-57a2d4851a1d" />
    <TestEntry testId="0947d309-4b18-4842-ceee-a16c92cd687f" executionId="4c88b56f-8928-4998-9ef9-1c1f114949ec" testListId="8c84fa94-04c1-424b-9868-57a2d4851a1d" />
    <TestEntry testId="1252244a-3fe2-65c7-7ad2-9f13c19cb34f" executionId="f70e57db-2296-4954-a5de-05b984ffef1e" testListId="8c84fa94-04c1-424b-9868-57a2d4851a1d" />
    <TestEntry testId="1f9c30dd-604b-511a-744b-fc676edddff3" executionId="8ee0d2e6-badb-409e-9490-bc7ba0cf070c" testListId="8c84fa94-04c1-424b-9868-57a2d4851a1d" />
    <TestEntry testId="3b5c73aa-2321-9876-c72d-8d128b3afa8a" executionId="fe0f42dc-d67b-43bc-8ac5-dea3ebb033eb" testListId="8c84fa94-04c1-424b-9868-57a2d4851a1d" />
    <TestEntry testId="40da96bf-8511-090f-4358-5e6a2fb850af" executionId="eb3e12db-aa90-4a18-bc76-b1495d5e6d13" testListId="8c84fa94-04c1-424b-9868-57a2d4851a1d" />
    <TestEntry testId="8640c846-6856-32ac-8488-39befd2989e3" executionId="35d1681b-0dc6-47f6-9ca1-c2d450211ba0" testListId="8c84fa94-04c1-424b-9868-57a2d4851a1d" />
    <TestEntry testId="bf8c049f-0c32-6f9c-f5cb-f469f11b50c7" executionId="e17989a4-4128-4920-b4b6-9572226461da" testListId="8c84fa94-04c1-424b-9868-57a2d4851a1d" />
    <TestEntry testId="cde0597e-b99c-1877-0d2c-e186e7a58e26" executionId="9d969d28-317f-447f-a423-75c7e8d4e648" testListId="8c84fa94-04c1-424b-9868-57a2d4851a1d" />
    <TestEntry testId="d831c014-5bc2-e7f6-f403-fddfe91eec11" executionId="03bb3702-5147-45eb-9316-12d4609d1b2a" testListId="8c84fa94-04c1-424b-9868-57a2d4851a1d" />
    <TestEntry testId="d969b015-e498-3309-0ee8-8123b1d34301" executionId="e51653c6-681b-49ff-a510-a1e245ad7a8b" testListId="8c84fa94-04c1-424b-9868-57a2d4851a1d" />
    <TestEntry testId="f7646a7c-d2cb-0811-9dec-91463d27cae4" executionId="d0dd9d30-74e5-4b8d-888e-bf4ae4ff2a7b" testListId="8c84fa94-04c1-424b-9868-57a2d4851a1d" />
  </TestEntries>
  <Results>
    <UnitTestResult executionId="af3a5478-3aa3-482e-b9c1-b79c73487ed5" testId="011686d5-b5a8-2b1c-c412-10b0bbda3ce2" testName="WhenPassedIIIReturns3" computerName="ROBERTO" duration="00:00:00.0451097" startTime="2015-04-26T22:50:05.8631552-04:00" endTime="2015-04-26T22:50:06.0811677-04:00" testType="13cdc9d9-ddb5-4fa4-a97d-d965ccfc6d4b" outcome="Failed" testListId="8c84fa94-04c1-424b-9868-57a2d4851a1d" relativeResultsDirectory="af3a5478-3aa3-482e-b9c1-b79c73487ed5">
      <Output>
        <ErrorInfo>
          <Message>Test method Test.RomanArabicNumeralConverterTests.WhenPassedIIIReturns3 threw exception: 
Kata.RomanNumeralNotValidExeption: Exception of type 'Kata.RomanNumeralNotValidExeption' was thrown.</Message>
          <StackTrace>    at Kata.RomanArabicNumeralConverter.ConvertRomanToArabic(String romanNumeral) in C:\Users\Yasi\Desktop\Kata\Kata\RomanArabicNumeralConverter.cs:line 82
   at Test.RomanArabicNumeralConverterTests.WhenPassedIIIReturns3() in C:\Users\Yasi\Desktop\Kata\Test\RomanArabicNumeralConverterTests.cs:line 54
</StackTrace>
        </ErrorInfo>
      </Output>
    </UnitTestResult>
    <UnitTestResult executionId="58d5e469-3f83-4ead-ac2b-84c66e63a5c8" testId="02d580d6-15be-9c3c-fccc-917eb22e85a1" testName="WhenPassed1ReturnsI" computerName="ROBERTO" duration="00:00:00.0006851" startTime="2015-04-26T22:50:06.0831678-04:00" endTime="2015-04-26T22:50:06.0871681-04:00" testType="13cdc9d9-ddb5-4fa4-a97d-d965ccfc6d4b" outcome="Passed" testListId="8c84fa94-04c1-424b-9868-57a2d4851a1d" relativeResultsDirectory="58d5e469-3f83-4ead-ac2b-84c66e63a5c8">
    </UnitTestResult>
    <UnitTestResult executionId="0cc2fc33-a087-409e-91a0-2521c550b544" testId="02e15bbb-90c5-dd89-5a33-f944f7bc7758" testName="WhenPassedIReturns1" computerName="ROBERTO" duration="00:00:00.0023658" startTime="2015-04-26T22:50:06.0891682-04:00" endTime="2015-04-26T22:50:06.0961686-04:00" testType="13cdc9d9-ddb5-4fa4-a97d-d965ccfc6d4b" outcome="Failed" testListId="8c84fa94-04c1-424b-9868-57a2d4851a1d" relativeResultsDirectory="0cc2fc33-a087-409e-91a0-2521c550b544">
      <Output>
        <ErrorInfo>
          <Message>Test method Test.RomanArabicNumeralConverterTests.WhenPassedIReturns1 threw exception: 
Kata.RomanNumeralNotValidExeption: Exception of type 'Kata.RomanNumeralNotValidExeption' was thrown.</Message>
          <StackTrace>    at Kata.RomanArabicNumeralConverter.ConvertRomanToArabic(String romanNumeral) in C:\Users\Yasi\Desktop\Kata\Kata\RomanArabicNumeralConverter.cs:line 82
   at Test.RomanArabicNumeralConverterTests.WhenPassedIReturns1() in C:\Users\Yasi\Desktop\Kata\Test\RomanArabicNumeralConverterTests.cs:line 48
</StackTrace>
        </ErrorInfo>
      </Output>
    </UnitTestResult>
    <UnitTestResult executionId="1fa5c38c-b4b9-4f92-bba8-0be2ecaea12d" testId="05609b60-72dd-d96b-e66f-f2d0dfafe5be" testName="WhenPassedIXReturns9" computerName="ROBERTO" duration="00:00:00.0018116" startTime="2015-04-26T22:50:06.0961686-04:00" endTime="2015-04-26T22:50:06.1021689-04:00" testType="13cdc9d9-ddb5-4fa4-a97d-d965ccfc6d4b" outcome="Failed" testListId="8c84fa94-04c1-424b-9868-57a2d4851a1d" relativeResultsDirectory="1fa5c38c-b4b9-4f92-bba8-0be2ecaea12d">
      <Output>
        <ErrorInfo>
          <Message>Test method Test.RomanArabicNumeralConverterTests.WhenPassedIXReturns9 threw exception: 
Kata.RomanNumeralNotValidExeption: Exception of type 'Kata.RomanNumeralNotValidExeption' was thrown.</Message>
          <StackTrace>    at Kata.RomanArabicNumeralConverter.ConvertRomanToArabic(String romanNumeral) in C:\Users\Yasi\Desktop\Kata\Kata\RomanArabicNumeralConverter.cs:line 82
   at Test.RomanArabicNumeralConverterTests.WhenPassedIXReturns9() in C:\Users\Yasi\Desktop\Kata\Test\RomanArabicNumeralConverterTests.cs:line 60
</StackTrace>
        </ErrorInfo>
      </Output>
    </UnitTestResult>
    <UnitTestResult executionId="373a90ad-9abd-4d86-a33b-3fdef53684b6" testId="071f8ee4-dc4b-d829-9b11-e35f88745432" testName="WhenPassedRomanNumeralWronglyOrderedLettersThrowsExpection" computerName="ROBERTO" duration="00:00:00.0009934" startTime="2015-04-26T22:50:06.1031690-04:00" endTime="2015-04-26T22:50:06.1091693-04:00" testType="13cdc9d9-ddb5-4fa4-a97d-d965ccfc6d4b" outcome="Passed" testListId="8c84fa94-04c1-424b-9868-57a2d4851a1d" relativeResultsDirectory="373a90ad-9abd-4d86-a33b-3fdef53684b6">
    </UnitTestResult>
    <UnitTestResult executionId="4c88b56f-8928-4998-9ef9-1c1f114949ec" testId="0947d309-4b18-4842-ceee-a16c92cd687f" testName="WhenPassedZeroThrowsExpection" computerName="ROBERTO" duration="00:00:00.0007434" startTime="2015-04-26T22:50:06.1111694-04:00" endTime="2015-04-26T22:50:06.1161697-04:00" testType="13cdc9d9-ddb5-4fa4-a97d-d965ccfc6d4b" outcome="Passed" testListId="8c84fa94-04c1-424b-9868-57a2d4851a1d" relativeResultsDirectory="4c88b56f-8928-4998-9ef9-1c1f114949ec">
    </UnitTestResult>
    <UnitTestResult executionId="f70e57db-2296-4954-a5de-05b984ffef1e" testId="1252244a-3fe2-65c7-7ad2-9f13c19cb34f" testName="WhenPassedMLXVIReturns1066" computerName="ROBERTO" duration="00:00:00.0019019" startTime="2015-04-26T22:50:06.1171698-04:00" endTime="2015-04-26T22:50:06.1231701-04:00" testType="13cdc9d9-ddb5-4fa4-a97d-d965ccfc6d4b" outcome="Failed" testListId="8c84fa94-04c1-424b-9868-57a2d4851a1d" relativeResultsDirectory="f70e57db-2296-4954-a5de-05b984ffef1e">
      <Output>
        <ErrorInfo>
          <Message>Test method Test.RomanArabicNumeralConverterTests.WhenPassedMLXVIReturns1066 threw exception: 
Kata.RomanNumeralNotValidExeption: Exception of type 'Kata.RomanNumeralNotValidExeption' was thrown.</Message>
          <StackTrace>    at Kata.RomanArabicNumeralConverter.ConvertRomanToArabic(String romanNumeral) in C:\Users\Yasi\Desktop\Kata\Kata\RomanArabicNumeralConverter.cs:line 82
   at Test.RomanArabicNumeralConverterTests.WhenPassedMLXVIReturns1066() in C:\Users\Yasi\Desktop\Kata\Test\RomanArabicNumeralConverterTests.cs:line 66
</StackTrace>
        </ErrorInfo>
      </Output>
    </UnitTestResult>
    <UnitTestResult executionId="8ee0d2e6-badb-409e-9490-bc7ba0cf070c" testId="1f9c30dd-604b-511a-744b-fc676edddff3" testName="WhenPassedRomanNumeralWithTooManyRepeatingValuesThrowsExection" computerName="ROBERTO" duration="00:00:00.0007401" startTime="2015-04-26T22:50:06.1251702-04:00" endTime="2015-04-26T22:50:06.1301705-04:00" testType="13cdc9d9-ddb5-4fa4-a97d-d965ccfc6d4b" outcome="Passed" testListId="8c84fa94-04c1-424b-9868-57a2d4851a1d" relativeResultsDirectory="8ee0d2e6-badb-409e-9490-bc7ba0cf070c">
    </UnitTestResult>
    <UnitTestResult executionId="fe0f42dc-d67b-43bc-8ac5-dea3ebb033eb" testId="3b5c73aa-2321-9876-c72d-8d128b3afa8a" testName="WhenPassedRomanNumeralWithRepetingFivesThrowsExpection" computerName="ROBERTO" duration="00:00:00.0007294" startTime="2015-04-26T22:50:06.1311706-04:00" endTime="2015-04-26T22:50:06.1361709-04:00" testType="13cdc9d9-ddb5-4fa4-a97d-d965ccfc6d4b" outcome="Passed" testListId="8c84fa94-04c1-424b-9868-57a2d4851a1d" relativeResultsDirectory="fe0f42dc-d67b-43bc-8ac5-dea3ebb033eb">
    </UnitTestResult>
    <UnitTestResult executionId="eb3e12db-aa90-4a18-bc76-b1495d5e6d13" testId="40da96bf-8511-090f-4358-5e6a2fb850af" testName="WhenPassedInvalidCharactersThrowsExpection" computerName="ROBERTO" duration="00:00:00.0008440" startTime="2015-04-26T22:50:06.1371709-04:00" endTime="2015-04-26T22:50:06.1421712-04:00" testType="13cdc9d9-ddb5-4fa4-a97d-d965ccfc6d4b" outcome="Passed" testListId="8c84fa94-04c1-424b-9868-57a2d4851a1d" relativeResultsDirectory="eb3e12db-aa90-4a18-bc76-b1495d5e6d13">
    </UnitTestResult>
    <UnitTestResult executionId="35d1681b-0dc6-47f6-9ca1-c2d450211ba0" testId="8640c846-6856-32ac-8488-39befd2989e3" testName="WhenPassed9ReturnsIX" computerName="ROBERTO" duration="00:00:00.0002430" startTime="2015-04-26T22:50:06.1431713-04:00" endTime="2015-04-26T22:50:06.1481715-04:00" testType="13cdc9d9-ddb5-4fa4-a97d-d965ccfc6d4b" outcome="Passed" testListId="8c84fa94-04c1-424b-9868-57a2d4851a1d" relativeResultsDirectory="35d1681b-0dc6-47f6-9ca1-c2d450211ba0">
    </UnitTestResult>
    <UnitTestResult executionId="e17989a4-4128-4920-b4b6-9572226461da" testId="bf8c049f-0c32-6f9c-f5cb-f469f11b50c7" testName="WhenPassedNegativeNumeralThrowsExpection" computerName="ROBERTO" duration="00:00:00.0007097" startTime="2015-04-26T22:50:06.1491716-04:00" endTime="2015-04-26T22:50:06.1531718-04:00" testType="13cdc9d9-ddb5-4fa4-a97d-d965ccfc6d4b" outcome="Passed" testListId="8c84fa94-04c1-424b-9868-57a2d4851a1d" relativeResultsDirectory="e17989a4-4128-4920-b4b6-9572226461da">
    </UnitTestResult>
    <UnitTestResult executionId="9d969d28-317f-447f-a423-75c7e8d4e648" testId="cde0597e-b99c-1877-0d2c-e186e7a58e26" testName="WhenPassed1066ReturnsMLXVI" computerName="ROBERTO" duration="00:00:00.0001855" startTime="2015-04-26T22:50:06.1541719-04:00" endTime="2015-04-26T22:50:06.1581721-04:00" testType="13cdc9d9-ddb5-4fa4-a97d-d965ccfc6d4b" outcome="Passed" testListId="8c84fa94-04c1-424b-9868-57a2d4851a1d" relativeResultsDirectory="9d969d28-317f-447f-a423-75c7e8d4e648">
    </UnitTestResult>
    <UnitTestResult executionId="03bb3702-5147-45eb-9316-12d4609d1b2a" testId="d831c014-5bc2-e7f6-f403-fddfe91eec11" testName="WhenPassed3ReturnsIII" computerName="ROBERTO" duration="00:00:00.0002381" startTime="2015-04-26T22:50:06.1601722-04:00" endTime="2015-04-26T22:50:06.1641725-04:00" testType="13cdc9d9-ddb5-4fa4-a97d-d965ccfc6d4b" outcome="Passed" testListId="8c84fa94-04c1-424b-9868-57a2d4851a1d" relativeResultsDirectory="03bb3702-5147-45eb-9316-12d4609d1b2a">
    </UnitTestResult>
    <UnitTestResult executionId="e51653c6-681b-49ff-a510-a1e245ad7a8b" testId="d969b015-e498-3309-0ee8-8123b1d34301" testName="WhenPassed1986ReturnsMCMLXXXIX" computerName="ROBERTO" duration="00:00:00.0001908" startTime="2015-04-26T22:50:06.1661726-04:00" endTime="2015-04-26T22:50:06.1701728-04:00" testType="13cdc9d9-ddb5-4fa4-a97d-d965ccfc6d4b" outcome="Passed" testListId="8c84fa94-04c1-424b-9868-57a2d4851a1d" relativeResultsDirectory="e51653c6-681b-49ff-a510-a1e245ad7a8b">
    </UnitTestResult>
    <UnitTestResult executionId="d0dd9d30-74e5-4b8d-888e-bf4ae4ff2a7b" testId="f7646a7c-d2cb-0811-9dec-91463d27cae4" testName="WhenPassedMCMLXXXIXReturns1989" computerName="ROBERTO" duration="00:00:00.0020394" startTime="2015-04-26T22:50:06.1711729-04:00" endTime="2015-04-26T22:50:06.1781733-04:00" testType="13cdc9d9-ddb5-4fa4-a97d-d965ccfc6d4b" outcome="Failed" testListId="8c84fa94-04c1-424b-9868-57a2d4851a1d" relativeResultsDirectory="d0dd9d30-74e5-4b8d-888e-bf4ae4ff2a7b">
      <Output>
        <ErrorInfo>
          <Message>Test method Test.RomanArabicNumeralConverterTests.WhenPassedMCMLXXXIXReturns1989 threw exception: 
Kata.RomanNumeralNotValidExeption: Exception of type 'Kata.RomanNumeralNotValidExeption' was thrown.</Message>
          <StackTrace>    at Kata.RomanArabicNumeralConverter.ConvertRomanToArabic(String romanNumeral) in C:\Users\Yasi\Desktop\Kata\Kata\RomanArabicNumeralConverter.cs:line 82
   at Test.RomanArabicNumeralConverterTests.WhenPassedMCMLXXXIXReturns1989() in C:\Users\Yasi\Desktop\Kata\Test\RomanArabicNumeralConverterTests.cs:line 72
</StackTrace>
        </ErrorInfo>
      </Output>
    </UnitTestResult>
  </Results>
</TestRun>