<?xml version="1.0" encoding="UTF-8"?>
<TestRun id="bf5320d3-0ef2-476b-aa6d-6e5ee140a359" name="Yasi@ROBERTO 2015-04-26 22:52:08" runUser="Roberto\Yasi" xmlns="http://microsoft.com/schemas/VisualStudio/TeamTest/2010">
  <TestSettings name="Local" id="02a0cb3c-6283-4650-85cb-2bd4791474de">
    <Description>These are default test settings for a local test run.</Description>
    <Deployment enabled="false" runDeploymentRoot="Yasi_ROBERTO 2015-04-26 22_52_08">
      <DeploymentItem filename="C:\Users\Yasi\Desktop\Kata\Kata\bin\Debug\Kata.exe" />
    </Deployment>
    <Execution>
      <TestTypeSpecific />
      <AgentRule name="Execution Agents">
      </AgentRule>
    </Execution>
  </TestSettings>
  <Times creation="2015-04-26T22:52:08.8801914-04:00" queuing="2015-04-26T22:52:10.3452752-04:00" start="2015-04-26T22:52:10.3762770-04:00" finish="2015-04-26T22:52:10.6762941-04:00" />
  <ResultSummary outcome="Completed">
    <Counters total="16" executed="16" passed="16" error="0" failed="0" timeout="0" aborted="0" inconclusive="0" passedButRunAborted="0" notRunnable="0" notExecuted="0" disconnected="0" warning="0" completed="0" inProgress="0" pending="0" />
  </ResultSummary>
  <TestDefinitions>
    <UnitTest name="WhenPassedIXReturns9" storage="c:\users\yasi\desktop\kata\test\bin\debug\test.dll" id="05609b60-72dd-d96b-e66f-f2d0dfafe5be">
      <Execution id="620961b5-8d4a-4279-9010-3a10ce19e438" />
      <TestMethod codeBase="C:/Users/Yasi/Desktop/Kata/Test/bin/Debug/Test.DLL" adapterTypeName="Microsoft.VisualStudio.TestTools.TestTypes.Unit.UnitTestAdapter, Microsoft.VisualStudio.QualityTools.Tips.UnitTest.Adapter, Version=10.0.0.0, Culture=neutral, PublicKeyToken=b03f5f7f11d50a3a" className="Test.RomanArabicNumeralConverterTests, Test, Version=1.0.0.0, Culture=neutral, PublicKeyToken=null" name="WhenPassedIXReturns9" />
    </UnitTest>
    <UnitTest name="WhenPassed9ReturnsIX" storage="c:\users\yasi\desktop\kata\test\bin\debug\test.dll" id="8640c846-6856-32ac-8488-39befd2989e3">
      <Execution id="147f7dad-3cf3-4b12-a1f1-ee207d2a5775" />
      <TestMethod codeBase="C:/Users/Yasi/Desktop/Kata/Test/bin/Debug/Test.DLL" adapterTypeName="Microsoft.VisualStudio.TestTools.TestTypes.Unit.UnitTestAdapter, Microsoft.VisualStudio.QualityTools.Tips.UnitTest.Adapter, Version=10.0.0.0, Culture=neutral, PublicKeyToken=b03f5f7f11d50a3a" className="Test.RomanArabicNumeralConverterTests, Test, Version=1.0.0.0, Culture=neutral, PublicKeyToken=null" name="WhenPassed9ReturnsIX" />
    </UnitTest>
    <UnitTest name="WhenPassedZeroThrowsExpection" storage="c:\users\yasi\desktop\kata\test\bin\debug\test.dll" id="0947d309-4b18-4842-ceee-a16c92cd687f">
      <Execution id="9ef422cf-34c2-4154-a210-82689b011591" />
      <TestMethod codeBase="C:/Users/Yasi/Desktop/Kata/Test/bin/Debug/Test.DLL" adapterTypeName="Microsoft.VisualStudio.TestTools.TestTypes.Unit.UnitTestAdapter, Microsoft.VisualStudio.QualityTools.Tips.UnitTest.Adapter, Version=10.0.0.0, Culture=neutral, PublicKeyToken=b03f5f7f11d50a3a" className="Test.RomanArabicNumeralConverterTests, Test, Version=1.0.0.0, Culture=neutral, PublicKeyToken=null" name="WhenPassedZeroThrowsExpection" />
    </UnitTest>
    <UnitTest name="WhenPassedIReturns1" storage="c:\users\yasi\desktop\kata\test\bin\debug\test.dll" id="02e15bbb-90c5-dd89-5a33-f944f7bc7758">
      <Execution id="13fa6b3c-e1c4-44b0-b9cb-666d0b3cd4ff" />
      <TestMethod codeBase="C:/Users/Yasi/Desktop/Kata/Test/bin/Debug/Test.DLL" adapterTypeName="Microsoft.VisualStudio.TestTools.TestTypes.Unit.UnitTestAdapter, Microsoft.VisualStudio.QualityTools.Tips.UnitTest.Adapter, Version=10.0.0.0, Culture=neutral, PublicKeyToken=b03f5f7f11d50a3a" className="Test.RomanArabicNumeralConverterTests, Test, Version=1.0.0.0, Culture=neutral, PublicKeyToken=null" name="WhenPassedIReturns1" />
    </UnitTest>
    <UnitTest name="WhenPassedRomanNumeralWithTooManyRepeatingValuesThrowsExection" storage="c:\users\yasi\desktop\kata\test\bin\debug\test.dll" id="1f9c30dd-604b-511a-744b-fc676edddff3">
      <Execution id="7977480a-37bb-4de9-b1e2-e42a510291ed" />
      <TestMethod codeBase="C:/Users/Yasi/Desktop/Kata/Test/bin/Debug/Test.DLL" adapterTypeName="Microsoft.VisualStudio.TestTools.TestTypes.Unit.UnitTestAdapter, Microsoft.VisualStudio.QualityTools.Tips.UnitTest.Adapter, Version=10.0.0.0, Culture=neutral, PublicKeyToken=b03f5f7f11d50a3a" className="Test.RomanArabicNumeralConverterTests, Test, Version=1.0.0.0, Culture=neutral, PublicKeyToken=null" name="WhenPassedRomanNumeralWithTooManyRepeatingValuesThrowsExection" />
    </UnitTest>
    <UnitTest name="WhenPassedInvalidCharactersThrowsExpection" storage="c:\users\yasi\desktop\kata\test\bin\debug\test.dll" id="40da96bf-8511-090f-4358-5e6a2fb850af">
      <Execution id="79c9555d-2cfc-44f6-9cd8-4edd76863fb3" />
      <TestMethod codeBase="C:/Users/Yasi/Desktop/Kata/Test/bin/Debug/Test.DLL" adapterTypeName="Microsoft.VisualStudio.TestTools.TestTypes.Unit.UnitTestAdapter, Microsoft.VisualStudio.QualityTools.Tips.UnitTest.Adapter, Version=10.0.0.0, Culture=neutral, PublicKeyToken=b03f5f7f11d50a3a" className="Test.RomanArabicNumeralConverterTests, Test, Version=1.0.0.0, Culture=neutral, PublicKeyToken=null" name="WhenPassedInvalidCharactersThrowsExpection" />
    </UnitTest>
    <UnitTest name="WhenPassed3ReturnsIII" storage="c:\users\yasi\desktop\kata\test\bin\debug\test.dll" id="d831c014-5bc2-e7f6-f403-fddfe91eec11">
      <Execution id="029de49a-5e55-4d7d-adb8-2253a8b73dd8" />
      <TestMethod codeBase="C:/Users/Yasi/Desktop/Kata/Test/bin/Debug/Test.DLL" adapterTypeName="Microsoft.VisualStudio.TestTools.TestTypes.Unit.UnitTestAdapter, Microsoft.VisualStudio.QualityTools.Tips.UnitTest.Adapter, Version=10.0.0.0, Culture=neutral, PublicKeyToken=b03f5f7f11d50a3a" className="Test.RomanArabicNumeralConverterTests, Test, Version=1.0.0.0, Culture=neutral, PublicKeyToken=null" name="WhenPassed3ReturnsIII" />
    </UnitTest>
    <UnitTest name="WhenPassedRomanNumeralWronglyOrderedLettersThrowsExpection" storage="c:\users\yasi\desktop\kata\test\bin\debug\test.dll" id="071f8ee4-dc4b-d829-9b11-e35f88745432">
      <Execution id="5fa77141-5890-4080-82cc-92ad038f0734" />
      <TestMethod codeBase="C:/Users/Yasi/Desktop/Kata/Test/bin/Debug/Test.DLL" adapterTypeName="Microsoft.VisualStudio.TestTools.TestTypes.Unit.UnitTestAdapter, Microsoft.VisualStudio.QualityTools.Tips.UnitTest.Adapter, Version=10.0.0.0, Culture=neutral, PublicKeyToken=b03f5f7f11d50a3a" className="Test.RomanArabicNumeralConverterTests, Test, Version=1.0.0.0, Culture=neutral, PublicKeyToken=null" name="WhenPassedRomanNumeralWronglyOrderedLettersThrowsExpection" />
    </UnitTest>
    <UnitTest name="WhenPassed1ReturnsI" storage="c:\users\yasi\desktop\kata\test\bin\debug\test.dll" id="02d580d6-15be-9c3c-fccc-917eb22e85a1">
      <Execution id="702d87dc-3098-49c9-b06b-0dd641c4feda" />
      <TestMethod codeBase="C:/Users/Yasi/Desktop/Kata/Test/bin/Debug/Test.DLL" adapterTypeName="Microsoft.VisualStudio.TestTools.TestTypes.Unit.UnitTestAdapter, Microsoft.VisualStudio.QualityTools.Tips.UnitTest.Adapter, Version=10.0.0.0, Culture=neutral, PublicKeyToken=b03f5f7f11d50a3a" className="Test.RomanArabicNumeralConverterTests, Test, Version=1.0.0.0, Culture=neutral, PublicKeyToken=null" name="WhenPassed1ReturnsI" />
    </UnitTest>
    <UnitTest name="WhenPassedMCMLXXXIXReturns1989" storage="c:\users\yasi\desktop\kata\test\bin\debug\test.dll" id="f7646a7c-d2cb-0811-9dec-91463d27cae4">
      <Execution id="748f0980-7f0b-439c-888a-6a9d702a30ff" />
      <TestMethod codeBase="C:/Users/Yasi/Desktop/Kata/Test/bin/Debug/Test.DLL" adapterTypeName="Microsoft.VisualStudio.TestTools.TestTypes.Unit.UnitTestAdapter, Microsoft.VisualStudio.QualityTools.Tips.UnitTest.Adapter, Version=10.0.0.0, Culture=neutral, PublicKeyToken=b03f5f7f11d50a3a" className="Test.RomanArabicNumeralConverterTests, Test, Version=1.0.0.0, Culture=neutral, PublicKeyToken=null" name="WhenPassedMCMLXXXIXReturns1989" />
    </UnitTest>
    <UnitTest name="WhenPassedRomanNumeralWithRepetingFivesThrowsExpection" storage="c:\users\yasi\desktop\kata\test\bin\debug\test.dll" id="3b5c73aa-2321-9876-c72d-8d128b3afa8a">
      <Execution id="d15c3218-0caf-4193-97be-5c77d1833dbc" />
      <TestMethod codeBase="C:/Users/Yasi/Desktop/Kata/Test/bin/Debug/Test.DLL" adapterTypeName="Microsoft.VisualStudio.TestTools.TestTypes.Unit.UnitTestAdapter, Microsoft.VisualStudio.QualityTools.Tips.UnitTest.Adapter, Version=10.0.0.0, Culture=neutral, PublicKeyToken=b03f5f7f11d50a3a" className="Test.RomanArabicNumeralConverterTests, Test, Version=1.0.0.0, Culture=neutral, PublicKeyToken=null" name="WhenPassedRomanNumeralWithRepetingFivesThrowsExpection" />
    </UnitTest>
    <UnitTest name="WhenPassedMLXVIReturns1066" storage="c:\users\yasi\desktop\kata\test\bin\debug\test.dll" id="1252244a-3fe2-65c7-7ad2-9f13c19cb34f">
      <Execution id="571132b7-8d4f-450e-aa8e-da21ccfd861a" />
      <TestMethod codeBase="C:/Users/Yasi/Desktop/Kata/Test/bin/Debug/Test.DLL" adapterTypeName="Microsoft.VisualStudio.TestTools.TestTypes.Unit.UnitTestAdapter, Microsoft.VisualStudio.QualityTools.Tips.UnitTest.Adapter, Version=10.0.0.0, Culture=neutral, PublicKeyToken=b03f5f7f11d50a3a" className="Test.RomanArabicNumeralConverterTests, Test, Version=1.0.0.0, Culture=neutral, PublicKeyToken=null" name="WhenPassedMLXVIReturns1066" />
    </UnitTest>
    <UnitTest name="WhenPassed1066ReturnsMLXVI" storage="c:\users\yasi\desktop\kata\test\bin\debug\test.dll" id="cde0597e-b99c-1877-0d2c-e186e7a58e26">
      <Execution id="eaac9f6b-50af-4e7a-a65a-82d5ed9aef00" />
      <TestMethod codeBase="C:/Users/Yasi/Desktop/Kata/Test/bin/Debug/Test.DLL" adapterTypeName="Microsoft.VisualStudio.TestTools.TestTypes.Unit.UnitTestAdapter, Microsoft.VisualStudio.QualityTools.Tips.UnitTest.Adapter, Version=10.0.0.0, Culture=neutral, PublicKeyToken=b03f5f7f11d50a3a" className="Test.RomanArabicNumeralConverterTests, Test, Version=1.0.0.0, Culture=neutral, PublicKeyToken=null" name="WhenPassed1066ReturnsMLXVI" />
    </UnitTest>
    <UnitTest name="WhenPassedIIIReturns3" storage="c:\users\yasi\desktop\kata\test\bin\debug\test.dll" id="011686d5-b5a8-2b1c-c412-10b0bbda3ce2">
      <Execution id="95b66f07-2518-49da-9824-5c49b65865fc" />
      <TestMethod codeBase="C:/Users/Yasi/Desktop/Kata/Test/bin/Debug/Test.DLL" adapterTypeName="Microsoft.VisualStudio.TestTools.TestTypes.Unit.UnitTestAdapter, Microsoft.VisualStudio.QualityTools.Tips.UnitTest.Adapter, Version=10.0.0.0, Culture=neutral, PublicKeyToken=b03f5f7f11d50a3a" className="Test.RomanArabicNumeralConverterTests, Test, Version=1.0.0.0, Culture=neutral, PublicKeyToken=null" name="WhenPassedIIIReturns3" />
    </UnitTest>
    <UnitTest name="WhenPassedNegativeNumeralThrowsExpection" storage="c:\users\yasi\desktop\kata\test\bin\debug\test.dll" id="bf8c049f-0c32-6f9c-f5cb-f469f11b50c7">
      <Execution id="c0f52b72-7007-47ae-bfb2-717b25638451" />
      <TestMethod codeBase="C:/Users/Yasi/Desktop/Kata/Test/bin/Debug/Test.DLL" adapterTypeName="Microsoft.VisualStudio.TestTools.TestTypes.Unit.UnitTestAdapter, Microsoft.VisualStudio.QualityTools.Tips.UnitTest.Adapter, Version=10.0.0.0, Culture=neutral, PublicKeyToken=b03f5f7f11d50a3a" className="Test.RomanArabicNumeralConverterTests, Test, Version=1.0.0.0, Culture=neutral, PublicKeyToken=null" name="WhenPassedNegativeNumeralThrowsExpection" />
    </UnitTest>
    <UnitTest name="WhenPassed1986ReturnsMCMLXXXIX" storage="c:\users\yasi\desktop\kata\test\bin\debug\test.dll" id="d969b015-e498-3309-0ee8-8123b1d34301">
      <Execution id="80edc533-fcea-435b-b3e5-b3667b3f5095" />
      <TestMethod codeBase="C:/Users/Yasi/Desktop/Kata/Test/bin/Debug/Test.DLL" adapterTypeName="Microsoft.VisualStudio.TestTools.TestTypes.Unit.UnitTestAdapter, Microsoft.VisualStudio.QualityTools.Tips.UnitTest.Adapter, Version=10.0.0.0, Culture=neutral, PublicKeyToken=b03f5f7f11d50a3a" className="Test.RomanArabicNumeralConverterTests, Test, Version=1.0.0.0, Culture=neutral, PublicKeyToken=null" name="WhenPassed1986ReturnsMCMLXXXIX" />
    </UnitTest>
  </TestDefinitions>
  <TestLists>
    <TestList name="Results Not in a List" id="8c84fa94-04c1-424b-9868-57a2d4851a1d" />
    <TestList name="All Loaded Results" id="19431567-8539-422a-85d7-44ee4e166bda" />
  </TestLists>
  <TestEntries>
    <TestEntry testId="011686d5-b5a8-2b1c-c412-10b0bbda3ce2" executionId="95b66f07-2518-49da-9824-5c49b65865fc" testListId="8c84fa94-04c1-424b-9868-57a2d4851a1d" />
    <TestEntry testId="02d580d6-15be-9c3c-fccc-917eb22e85a1" executionId="702d87dc-3098-49c9-b06b-0dd641c4feda" testListId="8c84fa94-04c1-424b-9868-57a2d4851a1d" />
    <TestEntry testId="02e15bbb-90c5-dd89-5a33-f944f7bc7758" executionId="13fa6b3c-e1c4-44b0-b9cb-666d0b3cd4ff" testListId="8c84fa94-04c1-424b-9868-57a2d4851a1d" />
    <TestEntry testId="05609b60-72dd-d96b-e66f-f2d0dfafe5be" executionId="620961b5-8d4a-4279-9010-3a10ce19e438" testListId="8c84fa94-04c1-424b-9868-57a2d4851a1d" />
    <TestEntry testId="071f8ee4-dc4b-d829-9b11-e35f88745432" executionId="5fa77141-5890-4080-82cc-92ad038f0734" testListId="8c84fa94-04c1-424b-9868-57a2d4851a1d" />
    <TestEntry testId="0947d309-4b18-4842-ceee-a16c92cd687f" executionId="9ef422cf-34c2-4154-a210-82689b011591" testListId="8c84fa94-04c1-424b-9868-57a2d4851a1d" />
    <TestEntry testId="1252244a-3fe2-65c7-7ad2-9f13c19cb34f" executionId="571132b7-8d4f-450e-aa8e-da21ccfd861a" testListId="8c84fa94-04c1-424b-9868-57a2d4851a1d" />
    <TestEntry testId="1f9c30dd-604b-511a-744b-fc676edddff3" executionId="7977480a-37bb-4de9-b1e2-e42a510291ed" testListId="8c84fa94-04c1-424b-9868-57a2d4851a1d" />
    <TestEntry testId="3b5c73aa-2321-9876-c72d-8d128b3afa8a" executionId="d15c3218-0caf-4193-97be-5c77d1833dbc" testListId="8c84fa94-04c1-424b-9868-57a2d4851a1d" />
    <TestEntry testId="40da96bf-8511-090f-4358-5e6a2fb850af" executionId="79c9555d-2cfc-44f6-9cd8-4edd76863fb3" testListId="8c84fa94-04c1-424b-9868-57a2d4851a1d" />
    <TestEntry testId="8640c846-6856-32ac-8488-39befd2989e3" executionId="147f7dad-3cf3-4b12-a1f1-ee207d2a5775" testListId="8c84fa94-04c1-424b-9868-57a2d4851a1d" />
    <TestEntry testId="bf8c049f-0c32-6f9c-f5cb-f469f11b50c7" executionId="c0f52b72-7007-47ae-bfb2-717b25638451" testListId="8c84fa94-04c1-424b-9868-57a2d4851a1d" />
    <TestEntry testId="cde0597e-b99c-1877-0d2c-e186e7a58e26" executionId="eaac9f6b-50af-4e7a-a65a-82d5ed9aef00" testListId="8c84fa94-04c1-424b-9868-57a2d4851a1d" />
    <TestEntry testId="d831c014-5bc2-e7f6-f403-fddfe91eec11" executionId="029de49a-5e55-4d7d-adb8-2253a8b73dd8" testListId="8c84fa94-04c1-424b-9868-57a2d4851a1d" />
    <TestEntry testId="d969b015-e498-3309-0ee8-8123b1d34301" executionId="80edc533-fcea-435b-b3e5-b3667b3f5095" testListId="8c84fa94-04c1-424b-9868-57a2d4851a1d" />
    <TestEntry testId="f7646a7c-d2cb-0811-9dec-91463d27cae4" executionId="748f0980-7f0b-439c-888a-6a9d702a30ff" testListId="8c84fa94-04c1-424b-9868-57a2d4851a1d" />
  </TestEntries>
  <Results>
    <UnitTestResult executionId="95b66f07-2518-49da-9824-5c49b65865fc" testId="011686d5-b5a8-2b1c-c412-10b0bbda3ce2" testName="WhenPassedIIIReturns3" computerName="ROBERTO" duration="00:00:00.0150508" startTime="2015-04-26T22:52:10.3832774-04:00" endTime="2015-04-26T22:52:10.5652878-04:00" testType="13cdc9d9-ddb5-4fa4-a97d-d965ccfc6d4b" outcome="Passed" testListId="8c84fa94-04c1-424b-9868-57a2d4851a1d" relativeResultsDirectory="95b66f07-2518-49da-9824-5c49b65865fc">
    </UnitTestResult>
    <UnitTestResult executionId="702d87dc-3098-49c9-b06b-0dd641c4feda" testId="02d580d6-15be-9c3c-fccc-917eb22e85a1" testName="WhenPassed1ReturnsI" computerName="ROBERTO" duration="00:00:00.0010271" startTime="2015-04-26T22:52:10.5672879-04:00" endTime="2015-04-26T22:52:10.5732883-04:00" testType="13cdc9d9-ddb5-4fa4-a97d-d965ccfc6d4b" outcome="Passed" testListId="8c84fa94-04c1-424b-9868-57a2d4851a1d" relativeResultsDirectory="702d87dc-3098-49c9-b06b-0dd641c4feda">
    </UnitTestResult>
    <UnitTestResult executionId="13fa6b3c-e1c4-44b0-b9cb-666d0b3cd4ff" testId="02e15bbb-90c5-dd89-5a33-f944f7bc7758" testName="WhenPassedIReturns1" computerName="ROBERTO" duration="00:00:00.0001900" startTime="2015-04-26T22:52:10.5762884-04:00" endTime="2015-04-26T22:52:10.5802887-04:00" testType="13cdc9d9-ddb5-4fa4-a97d-d965ccfc6d4b" outcome="Passed" testListId="8c84fa94-04c1-424b-9868-57a2d4851a1d" relativeResultsDirectory="13fa6b3c-e1c4-44b0-b9cb-666d0b3cd4ff">
    </UnitTestResult>
    <UnitTestResult executionId="620961b5-8d4a-4279-9010-3a10ce19e438" testId="05609b60-72dd-d96b-e66f-f2d0dfafe5be" testName="WhenPassedIXReturns9" computerName="ROBERTO" duration="00:00:00.0002208" startTime="2015-04-26T22:52:10.5822888-04:00" endTime="2015-04-26T22:52:10.5862890-04:00" testType="13cdc9d9-ddb5-4fa4-a97d-d965ccfc6d4b" outcome="Passed" testListId="8c84fa94-04c1-424b-9868-57a2d4851a1d" relativeResultsDirectory="620961b5-8d4a-4279-9010-3a10ce19e438">
    </UnitTestResult>
    <UnitTestResult executionId="5fa77141-5890-4080-82cc-92ad038f0734" testId="071f8ee4-dc4b-d829-9b11-e35f88745432" testName="WhenPassedRomanNumeralWronglyOrderedLettersThrowsExpection" computerName="ROBERTO" duration="00:00:00.0029146" startTime="2015-04-26T22:52:10.5872891-04:00" endTime="2015-04-26T22:52:10.5952895-04:00" testType="13cdc9d9-ddb5-4fa4-a97d-d965ccfc6d4b" outcome="Passed" testListId="8c84fa94-04c1-424b-9868-57a2d4851a1d" relativeResultsDirectory="5fa77141-5890-4080-82cc-92ad038f0734">
    </UnitTestResult>
    <UnitTestResult executionId="9ef422cf-34c2-4154-a210-82689b011591" testId="0947d309-4b18-4842-ceee-a16c92cd687f" testName="WhenPassedZeroThrowsExpection" computerName="ROBERTO" duration="00:00:00.0008624" startTime="2015-04-26T22:52:10.5962896-04:00" endTime="2015-04-26T22:52:10.6012899-04:00" testType="13cdc9d9-ddb5-4fa4-a97d-d965ccfc6d4b" outcome="Passed" testListId="8c84fa94-04c1-424b-9868-57a2d4851a1d" relativeResultsDirectory="9ef422cf-34c2-4154-a210-82689b011591">
    </UnitTestResult>
    <UnitTestResult executionId="571132b7-8d4f-450e-aa8e-da21ccfd861a" testId="1252244a-3fe2-65c7-7ad2-9f13c19cb34f" testName="WhenPassedMLXVIReturns1066" computerName="ROBERTO" duration="00:00:00.0002048" startTime="2015-04-26T22:52:10.6022899-04:00" endTime="2015-04-26T22:52:10.6072902-04:00" testType="13cdc9d9-ddb5-4fa4-a97d-d965ccfc6d4b" outcome="Passed" testListId="8c84fa94-04c1-424b-9868-57a2d4851a1d" relativeResultsDirectory="571132b7-8d4f-450e-aa8e-da21ccfd861a">
    </UnitTestResult>
    <UnitTestResult executionId="7977480a-37bb-4de9-b1e2-e42a510291ed" testId="1f9c30dd-604b-511a-744b-fc676edddff3" testName="WhenPassedRomanNumeralWithTooManyRepeatingValuesThrowsExection" computerName="ROBERTO" duration="00:00:00.0009606" startTime="2015-04-26T22:52:10.6082903-04:00" endTime="2015-04-26T22:52:10.6142906-04:00" testType="13cdc9d9-ddb5-4fa4-a97d-d965ccfc6d4b" outcome="Passed" testListId="8c84fa94-04c1-424b-9868-57a2d4851a1d" relativeResultsDirectory="7977480a-37bb-4de9-b1e2-e42a510291ed">
    </UnitTestResult>
    <UnitTestResult executionId="d15c3218-0caf-4193-97be-5c77d1833dbc" testId="3b5c73aa-2321-9876-c72d-8d128b3afa8a" testName="WhenPassedRomanNumeralWithRepetingFivesThrowsExpection" computerName="ROBERTO" duration="00:00:00.0009507" startTime="2015-04-26T22:52:10.6152907-04:00" endTime="2015-04-26T22:52:10.6202909-04:00" testType="13cdc9d9-ddb5-4fa4-a97d-d965ccfc6d4b" outcome="Passed" testListId="8c84fa94-04c1-424b-9868-57a2d4851a1d" relativeResultsDirectory="d15c3218-0caf-4193-97be-5c77d1833dbc">
    </UnitTestResult>
    <UnitTestResult executionId="79c9555d-2cfc-44f6-9cd8-4edd76863fb3" testId="40da96bf-8511-090f-4358-5e6a2fb850af" testName="WhenPassedInvalidCharactersThrowsExpection" computerName="ROBERTO" duration="00:00:00.0008128" startTime="2015-04-26T22:52:10.6212910-04:00" endTime="2015-04-26T22:52:10.6272913-04:00" testType="13cdc9d9-ddb5-4fa4-a97d-d965ccfc6d4b" outcome="Passed" testListId="8c84fa94-04c1-424b-9868-57a2d4851a1d" relativeResultsDirectory="79c9555d-2cfc-44f6-9cd8-4edd76863fb3">
    </UnitTestResult>
    <UnitTestResult executionId="147f7dad-3cf3-4b12-a1f1-ee207d2a5775" testId="8640c846-6856-32ac-8488-39befd2989e3" testName="WhenPassed9ReturnsIX" computerName="ROBERTO" duration="00:00:00.0001830" startTime="2015-04-26T22:52:10.6282914-04:00" endTime="2015-04-26T22:52:10.6322916-04:00" testType="13cdc9d9-ddb5-4fa4-a97d-d965ccfc6d4b" outcome="Passed" testListId="8c84fa94-04c1-424b-9868-57a2d4851a1d" relativeResultsDirectory="147f7dad-3cf3-4b12-a1f1-ee207d2a5775">
    </UnitTestResult>
    <UnitTestResult executionId="c0f52b72-7007-47ae-bfb2-717b25638451" testId="bf8c049f-0c32-6f9c-f5cb-f469f11b50c7" testName="WhenPassedNegativeNumeralThrowsExpection" computerName="ROBERTO" duration="00:00:00.0007101" startTime="2015-04-26T22:52:10.6342917-04:00" endTime="2015-04-26T22:52:10.6392920-04:00" testType="13cdc9d9-ddb5-4fa4-a97d-d965ccfc6d4b" outcome="Passed" testListId="8c84fa94-04c1-424b-9868-57a2d4851a1d" relativeResultsDirectory="c0f52b72-7007-47ae-bfb2-717b25638451">
    </UnitTestResult>
    <UnitTestResult executionId="eaac9f6b-50af-4e7a-a65a-82d5ed9aef00" testId="cde0597e-b99c-1877-0d2c-e186e7a58e26" testName="WhenPassed1066ReturnsMLXVI" computerName="ROBERTO" duration="00:00:00.0001867" startTime="2015-04-26T22:52:10.6402921-04:00" endTime="2015-04-26T22:52:10.6442923-04:00" testType="13cdc9d9-ddb5-4fa4-a97d-d965ccfc6d4b" outcome="Passed" testListId="8c84fa94-04c1-424b-9868-57a2d4851a1d" relativeResultsDirectory="eaac9f6b-50af-4e7a-a65a-82d5ed9aef00">
    </UnitTestResult>
    <UnitTestResult executionId="029de49a-5e55-4d7d-adb8-2253a8b73dd8" testId="d831c014-5bc2-e7f6-f403-fddfe91eec11" testName="WhenPassed3ReturnsIII" computerName="ROBERTO" duration="00:00:00.0002282" startTime="2015-04-26T22:52:10.6452924-04:00" endTime="2015-04-26T22:52:10.6512927-04:00" testType="13cdc9d9-ddb5-4fa4-a97d-d965ccfc6d4b" outcome="Passed" testListId="8c84fa94-04c1-424b-9868-57a2d4851a1d" relativeResultsDirectory="029de49a-5e55-4d7d-adb8-2253a8b73dd8">
    </UnitTestResult>
    <UnitTestResult executionId="80edc533-fcea-435b-b3e5-b3667b3f5095" testId="d969b015-e498-3309-0ee8-8123b1d34301" testName="WhenPassed1986ReturnsMCMLXXXIX" computerName="ROBERTO" duration="00:00:00.0001851" startTime="2015-04-26T22:52:10.6522928-04:00" endTime="2015-04-26T22:52:10.6562930-04:00" testType="13cdc9d9-ddb5-4fa4-a97d-d965ccfc6d4b" outcome="Passed" testListId="8c84fa94-04c1-424b-9868-57a2d4851a1d" relativeResultsDirectory="80edc533-fcea-435b-b3e5-b3667b3f5095">
    </UnitTestResult>
    <UnitTestResult executionId="748f0980-7f0b-439c-888a-6a9d702a30ff" testId="f7646a7c-d2cb-0811-9dec-91463d27cae4" testName="WhenPassedMCMLXXXIXReturns1989" computerName="ROBERTO" duration="00:00:00.0001830" startTime="2015-04-26T22:52:10.6572931-04:00" endTime="2015-04-26T22:52:10.6612933-04:00" testType="13cdc9d9-ddb5-4fa4-a97d-d965ccfc6d4b" outcome="Passed" testListId="8c84fa94-04c1-424b-9868-57a2d4851a1d" relativeResultsDirectory="748f0980-7f0b-439c-888a-6a9d702a30ff">
    </UnitTestResult>
  </Results>
</TestRun>