<?xml version="1.0" encoding="UTF-8"?>
<TestRun id="55f66a88-1a98-4b8f-b252-46055149d096" name="Yasi@ROBERTO 2015-04-26 21:48:58" runUser="Roberto\Yasi" xmlns="http://microsoft.com/schemas/VisualStudio/TeamTest/2010">
  <TestSettings name="Local" id="02a0cb3c-6283-4650-85cb-2bd4791474de">
    <Description>These are default test settings for a local test run.</Description>
    <Deployment enabled="false" runDeploymentRoot="Yasi_ROBERTO 2015-04-26 21_48_58">
      <DeploymentItem filename="C:\Users\Yasi\Desktop\Kata\Kata\bin\Debug\Kata.exe" />
    </Deployment>
    <Execution>
      <TestTypeSpecific />
      <AgentRule name="Execution Agents">
      </AgentRule>
    </Execution>
  </TestSettings>
  <Times creation="2015-04-26T21:48:58.7984111-04:00" queuing="2015-04-26T21:48:58.8124119-04:00" start="2015-04-26T21:48:58.8324131-04:00" finish="2015-04-26T21:48:59.0274242-04:00" />
  <ResultSummary outcome="Failed">
    <Counters total="1" executed="1" error="0" failed="1" timeout="0" aborted="0" inconclusive="0" passedButRunAborted="0" notRunnable="0" notExecuted="0" disconnected="0" warning="0" passed="0" completed="0" inProgress="0" pending="0" />
  </ResultSummary>
  <TestDefinitions>
    <UnitTest name="WhenPassedIReturns1" storage="c:\users\yasi\desktop\kata\test\bin\debug\test.dll" id="02e15bbb-90c5-dd89-5a33-f944f7bc7758">
      <Execution id="c1e6237c-4c14-4109-92a2-055be2c7cff2" />
      <TestMethod codeBase="C:/Users/Yasi/Desktop/Kata/Test/bin/Debug/Test.DLL" adapterTypeName="Microsoft.VisualStudio.TestTools.TestTypes.Unit.UnitTestAdapter, Microsoft.VisualStudio.QualityTools.Tips.UnitTest.Adapter, Version=10.0.0.0, Culture=neutral, PublicKeyToken=b03f5f7f11d50a3a" className="Test.RomanArabicNumeralConverterTests, Test, Version=1.0.0.0, Culture=neutral, PublicKeyToken=null" name="WhenPassedIReturns1" />
    </UnitTest>
  </TestDefinitions>
  <TestLists>
    <TestList name="Results Not in a List" id="8c84fa94-04c1-424b-9868-57a2d4851a1d" />
    <TestList name="All Loaded Results" id="19431567-8539-422a-85d7-44ee4e166bda" />
  </TestLists>
  <TestEntries>
    <TestEntry testId="02e15bbb-90c5-dd89-5a33-f944f7bc7758" executionId="c1e6237c-4c14-4109-92a2-055be2c7cff2" testListId="8c84fa94-04c1-424b-9868-57a2d4851a1d" />
  </TestEntries>
  <Results>
    <UnitTestResult executionId="c1e6237c-4c14-4109-92a2-055be2c7cff2" testId="02e15bbb-90c5-dd89-5a33-f944f7bc7758" testName="WhenPassedIReturns1" computerName="ROBERTO" duration="00:00:00.0372865" startTime="2015-04-26T21:48:58.8414136-04:00" endTime="2015-04-26T21:48:59.0174237-04:00" testType="13cdc9d9-ddb5-4fa4-a97d-d965ccfc6d4b" outcome="Failed" testListId="8c84fa94-04c1-424b-9868-57a2d4851a1d" relativeResultsDirectory="c1e6237c-4c14-4109-92a2-055be2c7cff2">
      <Output>
        <ErrorInfo>
          <Message>Test method Test.RomanArabicNumeralConverterTests.WhenPassedIReturns1 threw exception: 
System.NotImplementedException: The method or operation is not implemented.</Message>
          <StackTrace>    at Kata.RomanArabicNumeralConverter.ConvertRomanToArabic(String romanNumeral) in C:\Users\Yasi\Desktop\Kata\Kata\RomanArabicNumeralConverter.cs:line 48
   at Test.RomanArabicNumeralConverterTests.WhenPassedIReturns1() in C:\Users\Yasi\Desktop\Kata\Test\RomanArabicNumeralConverterTests.cs:line 48
</StackTrace>
        </ErrorInfo>
      </Output>
    </UnitTestResult>
  </Results>
</TestRun>