<?xml version="1.0" encoding="UTF-8"?>
<TestRun id="d5bc4409-3013-42a4-a164-175bf1e18f94" name="Yasi@ROBERTO 2015-04-26 22:36:51" runUser="Roberto\Yasi" xmlns="http://microsoft.com/schemas/VisualStudio/TeamTest/2010">
  <TestSettings name="Local" id="02a0cb3c-6283-4650-85cb-2bd4791474de">
    <Description>These are default test settings for a local test run.</Description>
    <Deployment enabled="false" runDeploymentRoot="Yasi_ROBERTO 2015-04-26 22_36_51">
      <DeploymentItem filename="C:\Users\Yasi\Desktop\Kata\Kata\bin\Debug\Kata.exe" />
    </Deployment>
    <Execution>
      <TestTypeSpecific />
      <AgentRule name="Execution Agents">
      </AgentRule>
    </Execution>
  </TestSettings>
  <Times creation="2015-04-26T22:36:51.6157269-04:00" queuing="2015-04-26T22:36:51.6747303-04:00" start="2015-04-26T22:36:51.7087322-04:00" finish="2015-04-26T22:36:51.9817478-04:00" />
  <ResultSummary outcome="Failed">
    <Counters total="10" executed="10" passed="8" error="0" failed="2" timeout="0" aborted="0" inconclusive="0" passedButRunAborted="0" notRunnable="0" notExecuted="0" disconnected="0" warning="0" completed="0" inProgress="0" pending="0" />
  </ResultSummary>
  <TestDefinitions>
    <UnitTest name="WhenPassedIXReturns9" storage="c:\users\yasi\desktop\kata\test\bin\debug\test.dll" id="05609b60-72dd-d96b-e66f-f2d0dfafe5be">
      <Execution id="d4369737-94a5-453d-b1b9-82a9ae0ca182" />
      <TestMethod codeBase="C:/Users/Yasi/Desktop/Kata/Test/bin/Debug/Test.DLL" adapterTypeName="Microsoft.VisualStudio.TestTools.TestTypes.Unit.UnitTestAdapter, Microsoft.VisualStudio.QualityTools.Tips.UnitTest.Adapter, Version=10.0.0.0, Culture=neutral, PublicKeyToken=b03f5f7f11d50a3a" className="Test.RomanArabicNumeralConverterTests, Test, Version=1.0.0.0, Culture=neutral, PublicKeyToken=null" name="WhenPassedIXReturns9" />
    </UnitTest>
    <UnitTest name="WhenPassedMCMLXXXIXReturns1989" storage="c:\users\yasi\desktop\kata\test\bin\debug\test.dll" id="f7646a7c-d2cb-0811-9dec-91463d27cae4">
      <Execution id="bf5bf2a3-8453-4ecf-ade1-a16791e2b7db" />
      <TestMethod codeBase="C:/Users/Yasi/Desktop/Kata/Test/bin/Debug/Test.DLL" adapterTypeName="Microsoft.VisualStudio.TestTools.TestTypes.Unit.UnitTestAdapter, Microsoft.VisualStudio.QualityTools.Tips.UnitTest.Adapter, Version=10.0.0.0, Culture=neutral, PublicKeyToken=b03f5f7f11d50a3a" className="Test.RomanArabicNumeralConverterTests, Test, Version=1.0.0.0, Culture=neutral, PublicKeyToken=null" name="WhenPassedMCMLXXXIXReturns1989" />
    </UnitTest>
    <UnitTest name="WhenPassed1ReturnsI" storage="c:\users\yasi\desktop\kata\test\bin\debug\test.dll" id="02d580d6-15be-9c3c-fccc-917eb22e85a1">
      <Execution id="de7efe1a-a000-47bd-93d1-2e5d4db6353b" />
      <TestMethod codeBase="C:/Users/Yasi/Desktop/Kata/Test/bin/Debug/Test.DLL" adapterTypeName="Microsoft.VisualStudio.TestTools.TestTypes.Unit.UnitTestAdapter, Microsoft.VisualStudio.QualityTools.Tips.UnitTest.Adapter, Version=10.0.0.0, Culture=neutral, PublicKeyToken=b03f5f7f11d50a3a" className="Test.RomanArabicNumeralConverterTests, Test, Version=1.0.0.0, Culture=neutral, PublicKeyToken=null" name="WhenPassed1ReturnsI" />
    </UnitTest>
    <UnitTest name="WhenPassed9ReturnsIX" storage="c:\users\yasi\desktop\kata\test\bin\debug\test.dll" id="8640c846-6856-32ac-8488-39befd2989e3">
      <Execution id="244e3b1b-a8c6-44a9-970d-34a38dc943f7" />
      <TestMethod codeBase="C:/Users/Yasi/Desktop/Kata/Test/bin/Debug/Test.DLL" adapterTypeName="Microsoft.VisualStudio.TestTools.TestTypes.Unit.UnitTestAdapter, Microsoft.VisualStudio.QualityTools.Tips.UnitTest.Adapter, Version=10.0.0.0, Culture=neutral, PublicKeyToken=b03f5f7f11d50a3a" className="Test.RomanArabicNumeralConverterTests, Test, Version=1.0.0.0, Culture=neutral, PublicKeyToken=null" name="WhenPassed9ReturnsIX" />
    </UnitTest>
    <UnitTest name="WhenPassedIReturns1" storage="c:\users\yasi\desktop\kata\test\bin\debug\test.dll" id="02e15bbb-90c5-dd89-5a33-f944f7bc7758">
      <Execution id="c589bb78-04f2-4e5f-be5b-5305ef74e338" />
      <TestMethod codeBase="C:/Users/Yasi/Desktop/Kata/Test/bin/Debug/Test.DLL" adapterTypeName="Microsoft.VisualStudio.TestTools.TestTypes.Unit.UnitTestAdapter, Microsoft.VisualStudio.QualityTools.Tips.UnitTest.Adapter, Version=10.0.0.0, Culture=neutral, PublicKeyToken=b03f5f7f11d50a3a" className="Test.RomanArabicNumeralConverterTests, Test, Version=1.0.0.0, Culture=neutral, PublicKeyToken=null" name="WhenPassedIReturns1" />
    </UnitTest>
    <UnitTest name="WhenPassed3ReturnsIII" storage="c:\users\yasi\desktop\kata\test\bin\debug\test.dll" id="d831c014-5bc2-e7f6-f403-fddfe91eec11">
      <Execution id="183a682a-42e1-4266-ae65-71b29812b0cc" />
      <TestMethod codeBase="C:/Users/Yasi/Desktop/Kata/Test/bin/Debug/Test.DLL" adapterTypeName="Microsoft.VisualStudio.TestTools.TestTypes.Unit.UnitTestAdapter, Microsoft.VisualStudio.QualityTools.Tips.UnitTest.Adapter, Version=10.0.0.0, Culture=neutral, PublicKeyToken=b03f5f7f11d50a3a" className="Test.RomanArabicNumeralConverterTests, Test, Version=1.0.0.0, Culture=neutral, PublicKeyToken=null" name="WhenPassed3ReturnsIII" />
    </UnitTest>
    <UnitTest name="WhenPassed1986ReturnsMCMLXXXIX" storage="c:\users\yasi\desktop\kata\test\bin\debug\test.dll" id="d969b015-e498-3309-0ee8-8123b1d34301">
      <Execution id="9527c540-8eaa-45b9-b035-e2e3ae19790b" />
      <TestMethod codeBase="C:/Users/Yasi/Desktop/Kata/Test/bin/Debug/Test.DLL" adapterTypeName="Microsoft.VisualStudio.TestTools.TestTypes.Unit.UnitTestAdapter, Microsoft.VisualStudio.QualityTools.Tips.UnitTest.Adapter, Version=10.0.0.0, Culture=neutral, PublicKeyToken=b03f5f7f11d50a3a" className="Test.RomanArabicNumeralConverterTests, Test, Version=1.0.0.0, Culture=neutral, PublicKeyToken=null" name="WhenPassed1986ReturnsMCMLXXXIX" />
    </UnitTest>
    <UnitTest name="WhenPassedMLXVIReturns1066" storage="c:\users\yasi\desktop\kata\test\bin\debug\test.dll" id="1252244a-3fe2-65c7-7ad2-9f13c19cb34f">
      <Execution id="5312a8f1-101d-40c4-acc8-3ea99fb07407" />
      <TestMethod codeBase="C:/Users/Yasi/Desktop/Kata/Test/bin/Debug/Test.DLL" adapterTypeName="Microsoft.VisualStudio.TestTools.TestTypes.Unit.UnitTestAdapter, Microsoft.VisualStudio.QualityTools.Tips.UnitTest.Adapter, Version=10.0.0.0, Culture=neutral, PublicKeyToken=b03f5f7f11d50a3a" className="Test.RomanArabicNumeralConverterTests, Test, Version=1.0.0.0, Culture=neutral, PublicKeyToken=null" name="WhenPassedMLXVIReturns1066" />
    </UnitTest>
    <UnitTest name="WhenPassed1066ReturnsMLXVI" storage="c:\users\yasi\desktop\kata\test\bin\debug\test.dll" id="cde0597e-b99c-1877-0d2c-e186e7a58e26">
      <Execution id="25149c03-679d-4dad-acae-37b7ad2e4dd3" />
      <TestMethod codeBase="C:/Users/Yasi/Desktop/Kata/Test/bin/Debug/Test.DLL" adapterTypeName="Microsoft.VisualStudio.TestTools.TestTypes.Unit.UnitTestAdapter, Microsoft.VisualStudio.QualityTools.Tips.UnitTest.Adapter, Version=10.0.0.0, Culture=neutral, PublicKeyToken=b03f5f7f11d50a3a" className="Test.RomanArabicNumeralConverterTests, Test, Version=1.0.0.0, Culture=neutral, PublicKeyToken=null" name="WhenPassed1066ReturnsMLXVI" />
    </UnitTest>
    <UnitTest name="WhenPassedIIIReturns3" storage="c:\users\yasi\desktop\kata\test\bin\debug\test.dll" id="011686d5-b5a8-2b1c-c412-10b0bbda3ce2">
      <Execution id="d20093cb-ef8b-4d74-8d30-dc069e644cbb" />
      <TestMethod codeBase="C:/Users/Yasi/Desktop/Kata/Test/bin/Debug/Test.DLL" adapterTypeName="Microsoft.VisualStudio.TestTools.TestTypes.Unit.UnitTestAdapter, Microsoft.VisualStudio.QualityTools.Tips.UnitTest.Adapter, Version=10.0.0.0, Culture=neutral, PublicKeyToken=b03f5f7f11d50a3a" className="Test.RomanArabicNumeralConverterTests, Test, Version=1.0.0.0, Culture=neutral, PublicKeyToken=null" name="WhenPassedIIIReturns3" />
    </UnitTest>
  </TestDefinitions>
  <TestLists>
    <TestList name="Results Not in a List" id="8c84fa94-04c1-424b-9868-57a2d4851a1d" />
    <TestList name="All Loaded Results" id="19431567-8539-422a-85d7-44ee4e166bda" />
  </TestLists>
  <TestEntries>
    <TestEntry testId="011686d5-b5a8-2b1c-c412-10b0bbda3ce2" executionId="d20093cb-ef8b-4d74-8d30-dc069e644cbb" testListId="8c84fa94-04c1-424b-9868-57a2d4851a1d" />
    <TestEntry testId="02d580d6-15be-9c3c-fccc-917eb22e85a1" executionId="de7efe1a-a000-47bd-93d1-2e5d4db6353b" testListId="8c84fa94-04c1-424b-9868-57a2d4851a1d" />
    <TestEntry testId="02e15bbb-90c5-dd89-5a33-f944f7bc7758" executionId="c589bb78-04f2-4e5f-be5b-5305ef74e338" testListId="8c84fa94-04c1-424b-9868-57a2d4851a1d" />
    <TestEntry testId="05609b60-72dd-d96b-e66f-f2d0dfafe5be" executionId="d4369737-94a5-453d-b1b9-82a9ae0ca182" testListId="8c84fa94-04c1-424b-9868-57a2d4851a1d" />
    <TestEntry testId="1252244a-3fe2-65c7-7ad2-9f13c19cb34f" executionId="5312a8f1-101d-40c4-acc8-3ea99fb07407" testListId="8c84fa94-04c1-424b-9868-57a2d4851a1d" />
    <TestEntry testId="8640c846-6856-32ac-8488-39befd2989e3" executionId="244e3b1b-a8c6-44a9-970d-34a38dc943f7" testListId="8c84fa94-04c1-424b-9868-57a2d4851a1d" />
    <TestEntry testId="cde0597e-b99c-1877-0d2c-e186e7a58e26" executionId="25149c03-679d-4dad-acae-37b7ad2e4dd3" testListId="8c84fa94-04c1-424b-9868-57a2d4851a1d" />
    <TestEntry testId="d831c014-5bc2-e7f6-f403-fddfe91eec11" executionId="183a682a-42e1-4266-ae65-71b29812b0cc" testListId="8c84fa94-04c1-424b-9868-57a2d4851a1d" />
    <TestEntry testId="d969b015-e498-3309-0ee8-8123b1d34301" executionId="9527c540-8eaa-45b9-b035-e2e3ae19790b" testListId="8c84fa94-04c1-424b-9868-57a2d4851a1d" />
    <TestEntry testId="f7646a7c-d2cb-0811-9dec-91463d27cae4" executionId="bf5bf2a3-8453-4ecf-ade1-a16791e2b7db" testListId="8c84fa94-04c1-424b-9868-57a2d4851a1d" />
  </TestEntries>
  <Results>
    <UnitTestResult executionId="d20093cb-ef8b-4d74-8d30-dc069e644cbb" testId="011686d5-b5a8-2b1c-c412-10b0bbda3ce2" testName="WhenPassedIIIReturns3" computerName="ROBERTO" duration="00:00:00.0155902" startTime="2015-04-26T22:36:51.7187328-04:00" endTime="2015-04-26T22:36:51.8967430-04:00" testType="13cdc9d9-ddb5-4fa4-a97d-d965ccfc6d4b" outcome="Passed" testListId="8c84fa94-04c1-424b-9868-57a2d4851a1d" relativeResultsDirectory="d20093cb-ef8b-4d74-8d30-dc069e644cbb">
    </UnitTestResult>
    <UnitTestResult executionId="de7efe1a-a000-47bd-93d1-2e5d4db6353b" testId="02d580d6-15be-9c3c-fccc-917eb22e85a1" testName="WhenPassed1ReturnsI" computerName="ROBERTO" duration="00:00:00.0007282" startTime="2015-04-26T22:36:51.8987431-04:00" endTime="2015-04-26T22:36:51.9047434-04:00" testType="13cdc9d9-ddb5-4fa4-a97d-d965ccfc6d4b" outcome="Passed" testListId="8c84fa94-04c1-424b-9868-57a2d4851a1d" relativeResultsDirectory="de7efe1a-a000-47bd-93d1-2e5d4db6353b">
    </UnitTestResult>
    <UnitTestResult executionId="c589bb78-04f2-4e5f-be5b-5305ef74e338" testId="02e15bbb-90c5-dd89-5a33-f944f7bc7758" testName="WhenPassedIReturns1" computerName="ROBERTO" duration="00:00:00.0001896" startTime="2015-04-26T22:36:51.9067435-04:00" endTime="2015-04-26T22:36:51.9117438-04:00" testType="13cdc9d9-ddb5-4fa4-a97d-d965ccfc6d4b" outcome="Passed" testListId="8c84fa94-04c1-424b-9868-57a2d4851a1d" relativeResultsDirectory="c589bb78-04f2-4e5f-be5b-5305ef74e338">
    </UnitTestResult>
    <UnitTestResult executionId="d4369737-94a5-453d-b1b9-82a9ae0ca182" testId="05609b60-72dd-d96b-e66f-f2d0dfafe5be" testName="WhenPassedIXReturns9" computerName="ROBERTO" duration="00:00:00.0001982" startTime="2015-04-26T22:36:51.9127439-04:00" endTime="2015-04-26T22:36:51.9167441-04:00" testType="13cdc9d9-ddb5-4fa4-a97d-d965ccfc6d4b" outcome="Passed" testListId="8c84fa94-04c1-424b-9868-57a2d4851a1d" relativeResultsDirectory="d4369737-94a5-453d-b1b9-82a9ae0ca182">
    </UnitTestResult>
    <UnitTestResult executionId="5312a8f1-101d-40c4-acc8-3ea99fb07407" testId="1252244a-3fe2-65c7-7ad2-9f13c19cb34f" testName="WhenPassedMLXVIReturns1066" computerName="ROBERTO" duration="00:00:00.0002048" startTime="2015-04-26T22:36:51.9177442-04:00" endTime="2015-04-26T22:36:51.9227444-04:00" testType="13cdc9d9-ddb5-4fa4-a97d-d965ccfc6d4b" outcome="Passed" testListId="8c84fa94-04c1-424b-9868-57a2d4851a1d" relativeResultsDirectory="5312a8f1-101d-40c4-acc8-3ea99fb07407">
    </UnitTestResult>
    <UnitTestResult executionId="244e3b1b-a8c6-44a9-970d-34a38dc943f7" testId="8640c846-6856-32ac-8488-39befd2989e3" testName="WhenPassed9ReturnsIX" computerName="ROBERTO" duration="00:00:00.0146542" startTime="2015-04-26T22:36:51.9237445-04:00" endTime="2015-04-26T22:36:51.9437456-04:00" testType="13cdc9d9-ddb5-4fa4-a97d-d965ccfc6d4b" outcome="Failed" testListId="8c84fa94-04c1-424b-9868-57a2d4851a1d" relativeResultsDirectory="244e3b1b-a8c6-44a9-970d-34a38dc943f7">
      <Output>
        <ErrorInfo>
          <Message>Assert.AreEqual failed. Expected:&lt;IX&gt;. Actual:&lt;161&gt;. </Message>
          <StackTrace>   at Test.RomanArabicNumeralConverterTests.WhenPassed9ReturnsIX() in C:\Users\Yasi\Desktop\Kata\Test\RomanArabicNumeralConverterTests.cs:line 30
</StackTrace>
        </ErrorInfo>
      </Output>
    </UnitTestResult>
    <UnitTestResult executionId="25149c03-679d-4dad-acae-37b7ad2e4dd3" testId="cde0597e-b99c-1877-0d2c-e186e7a58e26" testName="WhenPassed1066ReturnsMLXVI" computerName="ROBERTO" duration="00:00:00.0001913" startTime="2015-04-26T22:36:51.9467458-04:00" endTime="2015-04-26T22:36:51.9517461-04:00" testType="13cdc9d9-ddb5-4fa4-a97d-d965ccfc6d4b" outcome="Passed" testListId="8c84fa94-04c1-424b-9868-57a2d4851a1d" relativeResultsDirectory="25149c03-679d-4dad-acae-37b7ad2e4dd3">
    </UnitTestResult>
    <UnitTestResult executionId="183a682a-42e1-4266-ae65-71b29812b0cc" testId="d831c014-5bc2-e7f6-f403-fddfe91eec11" testName="WhenPassed3ReturnsIII" computerName="ROBERTO" duration="00:00:00.0001913" startTime="2015-04-26T22:36:51.9537462-04:00" endTime="2015-04-26T22:36:51.9577464-04:00" testType="13cdc9d9-ddb5-4fa4-a97d-d965ccfc6d4b" outcome="Passed" testListId="8c84fa94-04c1-424b-9868-57a2d4851a1d" relativeResultsDirectory="183a682a-42e1-4266-ae65-71b29812b0cc">
    </UnitTestResult>
    <UnitTestResult executionId="9527c540-8eaa-45b9-b035-e2e3ae19790b" testId="d969b015-e498-3309-0ee8-8123b1d34301" testName="WhenPassed1986ReturnsMCMLXXXIX" computerName="ROBERTO" duration="00:00:00.0017951" startTime="2015-04-26T22:36:51.9577464-04:00" endTime="2015-04-26T22:36:51.9637468-04:00" testType="13cdc9d9-ddb5-4fa4-a97d-d965ccfc6d4b" outcome="Failed" testListId="8c84fa94-04c1-424b-9868-57a2d4851a1d" relativeResultsDirectory="9527c540-8eaa-45b9-b035-e2e3ae19790b">
      <Output>
        <ErrorInfo>
          <Message>Assert.AreEqual failed. Expected:&lt;MCMLXXXIX&gt;. Actual:&lt;M144LXXX161&gt;. </Message>
          <StackTrace>   at Test.RomanArabicNumeralConverterTests.WhenPassed1986ReturnsMCMLXXXIX() in C:\Users\Yasi\Desktop\Kata\Test\RomanArabicNumeralConverterTests.cs:line 42
</StackTrace>
        </ErrorInfo>
      </Output>
    </UnitTestResult>
    <UnitTestResult executionId="bf5bf2a3-8453-4ecf-ade1-a16791e2b7db" testId="f7646a7c-d2cb-0811-9dec-91463d27cae4" testName="WhenPassedMCMLXXXIXReturns1989" computerName="ROBERTO" duration="00:00:00.0002836" startTime="2015-04-26T22:36:51.9647468-04:00" endTime="2015-04-26T22:36:51.9697471-04:00" testType="13cdc9d9-ddb5-4fa4-a97d-d965ccfc6d4b" outcome="Passed" testListId="8c84fa94-04c1-424b-9868-57a2d4851a1d" relativeResultsDirectory="bf5bf2a3-8453-4ecf-ade1-a16791e2b7db">
    </UnitTestResult>
  </Results>
</TestRun>